{"C:\\p2\\Warehouse\\frontend\\src\\components\\header\\Header.jsx": {"path":"C:\\p2\\Warehouse\\frontend\\src\\components\\header\\Header.jsx","statementMap":{"0":{"start":{"line":4,"column":22},"end":{"line":20,"column":1}},"1":{"start":{"line":7,"column":4},"end":{"line":7,"column":23}},"2":{"start":{"line":10,"column":2},"end":{"line":19,"column":4}}},"fnMap":{"0":{"name":"(anonymous_0)","decl":{"start":{"line":4,"column":22},"end":{"line":4,"column":23}},"loc":{"start":{"line":4,"column":49},"end":{"line":20,"column":1}},"line":4},"1":{"name":"displayModal","decl":{"start":{"line":6,"column":11},"end":{"line":6,"column":23}},"loc":{"start":{"line":6,"column":26},"end":{"line":8,"column":3}},"line":6}},"branchMap":{},"s":{"0":1,"1":0,"2":1},"f":{"0":1,"1":0},"b":{},"_coverageSchema":"1a1c01bbd47fc00a2c39e90264f33305004495a9","hash":"ab925a6e2271a61c2e57944a964001a7a5171af3"}
,"C:\\p2\\Warehouse\\frontend\\src\\components\\records\\InventoryRecord.jsx": {"path":"C:\\p2\\Warehouse\\frontend\\src\\components\\records\\InventoryRecord.jsx","statementMap":{"0":{"start":{"line":5,"column":31},"end":{"line":33,"column":1}},"1":{"start":{"line":7,"column":1},"end":{"line":31,"column":3}}},"fnMap":{"0":{"name":"(anonymous_0)","decl":{"start":{"line":5,"column":31},"end":{"line":5,"column":32}},"loc":{"start":{"line":5,"column":98},"end":{"line":33,"column":1}},"line":5}},"branchMap":{},"s":{"0":2,"1":2},"f":{"0":2},"b":{},"_coverageSchema":"1a1c01bbd47fc00a2c39e90264f33305004495a9","hash":"c0c1ee69dd7acb94b4c5dd1db1cd90ad102ad0a3"}
,"C:\\p2\\Warehouse\\frontend\\src\\components\\records\\ItemRecord.jsx": {"path":"C:\\p2\\Warehouse\\frontend\\src\\components\\records\\ItemRecord.jsx","statementMap":{"0":{"start":{"line":5,"column":26},"end":{"line":26,"column":1}},"1":{"start":{"line":7,"column":1},"end":{"line":25,"column":3}}},"fnMap":{"0":{"name":"(anonymous_0)","decl":{"start":{"line":5,"column":26},"end":{"line":5,"column":27}},"loc":{"start":{"line":5,"column":64},"end":{"line":26,"column":1}},"line":5}},"branchMap":{"0":{"loc":{"start":{"line":13,"column":64},"end":{"line":13,"column":118}},"type":"cond-expr","locations":[{"start":{"line":13,"column":83},"end":{"line":13,"column":99}},{"start":{"line":13,"column":102},"end":{"line":13,"column":118}}],"line":13}},"s":{"0":1,"1":2},"f":{"0":2},"b":{"0":[2,0]},"_coverageSchema":"1a1c01bbd47fc00a2c39e90264f33305004495a9","hash":"93579670cb229efe18ff4bf8046a68046dfc1c62"}
,"C:\\p2\\Warehouse\\frontend\\src\\components\\records\\Record.jsx": {"path":"C:\\p2\\Warehouse\\frontend\\src\\components\\records\\Record.jsx","statementMap":{"0":{"start":{"line":8,"column":22},"end":{"line":68,"column":1}},"1":{"start":{"line":10,"column":43},"end":{"line":10,"column":57}},"2":{"start":{"line":13,"column":25},"end":{"line":15,"column":2}},"3":{"start":{"line":14,"column":2},"end":{"line":14,"column":35}},"4":{"start":{"line":18,"column":31},"end":{"line":21,"column":2}},"5":{"start":{"line":19,"column":2},"end":{"line":19,"column":30}},"6":{"start":{"line":20,"column":2},"end":{"line":20,"column":40}},"7":{"start":{"line":24,"column":29},"end":{"line":27,"column":2}},"8":{"start":{"line":25,"column":2},"end":{"line":25,"column":30}},"9":{"start":{"line":26,"column":2},"end":{"line":26,"column":30}},"10":{"start":{"line":29,"column":1},"end":{"line":67,"column":3}},"11":{"start":{"line":53,"column":5},"end":{"line":63,"column":7}},"12":{"start":{"line":60,"column":25},"end":{"line":60,"column":92}},"13":{"start":{"line":61,"column":23},"end":{"line":61,"column":53}}},"fnMap":{"0":{"name":"(anonymous_0)","decl":{"start":{"line":8,"column":22},"end":{"line":8,"column":23}},"loc":{"start":{"line":8,"column":154},"end":{"line":68,"column":1}},"line":8},"1":{"name":"(anonymous_1)","decl":{"start":{"line":13,"column":25},"end":{"line":13,"column":26}},"loc":{"start":{"line":13,"column":31},"end":{"line":15,"column":2}},"line":13},"2":{"name":"(anonymous_2)","decl":{"start":{"line":18,"column":31},"end":{"line":18,"column":32}},"loc":{"start":{"line":18,"column":37},"end":{"line":21,"column":2}},"line":18},"3":{"name":"(anonymous_3)","decl":{"start":{"line":24,"column":29},"end":{"line":24,"column":30}},"loc":{"start":{"line":24,"column":44},"end":{"line":27,"column":2}},"line":24},"4":{"name":"(anonymous_4)","decl":{"start":{"line":52,"column":4},"end":{"line":52,"column":5}},"loc":{"start":{"line":52,"column":17},"end":{"line":64,"column":5}},"line":52},"5":{"name":"(anonymous_5)","decl":{"start":{"line":60,"column":21},"end":{"line":60,"column":22}},"loc":{"start":{"line":60,"column":25},"end":{"line":60,"column":92}},"line":60},"6":{"name":"(anonymous_6)","decl":{"start":{"line":61,"column":19},"end":{"line":61,"column":20}},"loc":{"start":{"line":61,"column":23},"end":{"line":61,"column":53}},"line":61}},"branchMap":{"0":{"loc":{"start":{"line":47,"column":7},"end":{"line":47,"column":60}},"type":"cond-expr","locations":[{"start":{"line":47,"column":23},"end":{"line":47,"column":39}},{"start":{"line":47,"column":42},"end":{"line":47,"column":60}}],"line":47},"1":{"loc":{"start":{"line":51,"column":4},"end":{"line":65,"column":4}},"type":"binary-expr","locations":[{"start":{"line":51,"column":5},"end":{"line":51,"column":18}},{"start":{"line":51,"column":22},"end":{"line":51,"column":53}},{"start":{"line":51,"column":58},"end":{"line":65,"column":4}}],"line":51}},"s":{"0":1,"1":3,"2":3,"3":0,"4":3,"5":0,"6":0,"7":3,"8":0,"9":0,"10":3,"11":0,"12":0,"13":0},"f":{"0":3,"1":0,"2":0,"3":0,"4":0,"5":0,"6":0},"b":{"0":[3,0],"1":[3,3,0]},"_coverageSchema":"1a1c01bbd47fc00a2c39e90264f33305004495a9","hash":"c0ce73373466862668fd82d4be5a215d2b824f71"}
}
