{"C:\\p2\\Warehouse\\frontend\\src\\components\\records\\InventoryRecord.jsx": {"path":"C:\\p2\\Warehouse\\frontend\\src\\components\\records\\InventoryRecord.jsx","statementMap":{"0":{"start":{"line":5,"column":31},"end":{"line":33,"column":1}},"1":{"start":{"line":7,"column":1},"end":{"line":31,"column":3}}},"fnMap":{"0":{"name":"(anonymous_0)","decl":{"start":{"line":5,"column":31},"end":{"line":5,"column":32}},"loc":{"start":{"line":5,"column":98},"end":{"line":33,"column":1}},"line":5}},"branchMap":{},"s":{"0":1,"1":1},"f":{"0":1},"b":{},"_coverageSchema":"1a1c01bbd47fc00a2c39e90264f33305004495a9","hash":"c0c1ee69dd7acb94b4c5dd1db1cd90ad102ad0a3"}
}
