TN:
SF:src\components\header\Header.jsx
FN:4,(anonymous_0)
FN:6,displayModal
FNF:2
FNH:1
FNDA:1,(anonymous_0)
FNDA:0,displayModal
DA:4,1
DA:7,0
DA:10,1
LF:3
LH:2
BRF:0
BRH:0
end_of_record
TN:
SF:src\components\records\InventoryRecord.jsx
FN:5,(anonymous_0)
FNF:1
FNH:1
FNDA:2,(anonymous_0)
DA:5,2
DA:7,2
LF:2
LH:2
BRF:0
BRH:0
end_of_record
TN:
SF:src\components\records\ItemRecord.jsx
FN:5,(anonymous_0)
FNF:1
FNH:1
FNDA:2,(anonymous_0)
DA:5,1
DA:7,2
LF:2
LH:2
BRDA:13,0,0,2
BRDA:13,0,1,0
BRF:2
BRH:1
end_of_record
TN:
SF:src\components\records\Record.jsx
FN:8,(anonymous_0)
FN:13,(anonymous_1)
FN:18,(anonymous_2)
FN:24,(anonymous_3)
FN:52,(anonymous_4)
FN:60,(anonymous_5)
FN:61,(anonymous_6)
FNF:7
FNH:1
FNDA:3,(anonymous_0)
FNDA:0,(anonymous_1)
FNDA:0,(anonymous_2)
FNDA:0,(anonymous_3)
FNDA:0,(anonymous_4)
FNDA:0,(anonymous_5)
FNDA:0,(anonymous_6)
DA:8,1
DA:10,3
DA:13,3
DA:14,0
DA:18,3
DA:19,0
DA:20,0
DA:24,3
DA:25,0
DA:26,0
DA:29,3
DA:53,0
DA:60,0
DA:61,0
LF:14
LH:6
BRDA:47,0,0,3
BRDA:47,0,1,0
BRDA:51,1,0,3
BRDA:51,1,1,3
BRDA:51,1,2,0
BRF:5
BRH:3
end_of_record
