<?xml version="1.0" encoding="UTF-8"?>
<testsuite xmlns:xsi="http://www.w3.org/2001/XMLSchema-instance" xsi:noNamespaceSchemaLocation="https://maven.apache.org/surefire/maven-surefire-plugin/xsd/surefire-test-report.xsd" name="com.skillstorm.runner.CucumberRunnerTests" time="0.964" tests="8" errors="0" skipped="0" failures="8">
  <properties>
[...]
</properties>
  <testcase name="runScenario" classname="com.skillstorm.runner.CucumberRunnerTests" time="0.095">
    <failure message="The step &apos;I am on the landing page&apos; and 4 other step(s) are undefined.&#10;You can implement these steps using the snippet(s) below:&#10;&#10;@Given(&quot;I am on the landing page&quot;)&#10;public void i_am_on_the_landing_page() {&#10;    // Write code here that turns the phrase above into concrete actions&#10;    throw new io.cucumber.java.PendingException();&#10;}&#10;@When(&quot;I navigate to the warehouses page&quot;)&#10;public void i_navigate_to_the_warehouses_page() {&#10;    // Write code here that turns the phrase above into concrete actions&#10;    throw new io.cucumber.java.PendingException();&#10;}&#10;@When(&quot;there is one or more warehouses existing&quot;)&#10;public void there_is_one_or_more_warehouses_existing() {&#10;    // Write code here that turns the phrase above into concrete actions&#10;    throw new io.cucumber.java.PendingException();&#10;}&#10;@Then(&quot;I should see a list of all warehouses created&quot;)&#10;public void i_should_see_a_list_of_all_warehouses_created() {&#10;    // Write code here that turns the phrase above into concrete actions&#10;    throw new io.cucumber.java.PendingException();&#10;}&#10;@Then(&quot;each warehouse should display the warehouse name, owner, location, and maximum capacity&quot;)&#10;public void each_warehouse_should_display_the_warehouse_name_owner_location_and_maximum_capacity() {&#10;    // Write code here that turns the phrase above into concrete actions&#10;    throw new io.cucumber.java.PendingException();&#10;}&#10;" type="io.cucumber.testng.UndefinedStepException">io.cucumber.testng.UndefinedStepException: 
The step 'I am on the landing page' and 4 other step(s) are undefined.
You can implement these steps using the snippet(s) below:

@Given("I am on the landing page")
public void i_am_on_the_landing_page() {
    // Write code here that turns the phrase above into concrete actions
    throw new io.cucumber.java.PendingException();
}
@When("I navigate to the warehouses page")
public void i_navigate_to_the_warehouses_page() {
    // Write code here that turns the phrase above into concrete actions
    throw new io.cucumber.java.PendingException();
}
@When("there is one or more warehouses existing")
public void there_is_one_or_more_warehouses_existing() {
    // Write code here that turns the phrase above into concrete actions
    throw new io.cucumber.java.PendingException();
}
@Then("I should see a list of all warehouses created")
public void i_should_see_a_list_of_all_warehouses_created() {
    // Write code here that turns the phrase above into concrete actions
    throw new io.cucumber.java.PendingException();
}
@Then("each warehouse should display the warehouse name, owner, location, and maximum capacity")
public void each_warehouse_should_display_the_warehouse_name_owner_location_and_maximum_capacity() {
    // Write code here that turns the phrase above into concrete actions
    throw new io.cucumber.java.PendingException();
}

</failure>
    <system-err><![CDATA[SLF4J: Failed to load class "org.slf4j.impl.StaticLoggerBinder".
SLF4J: Defaulting to no-operation (NOP) logger implementation
SLF4J: See http://www.slf4j.org/codes.html#StaticLoggerBinder for further details.
]]></system-err>
  </testcase>
  <testcase name="runScenario" classname="com.skillstorm.runner.CucumberRunnerTests" time="0.005">
    <failure message="The step &apos;I am on the landing page&apos; and 3 other step(s) are undefined.&#10;You can implement these steps using the snippet(s) below:&#10;&#10;@Given(&quot;I am on the landing page&quot;)&#10;public void i_am_on_the_landing_page() {&#10;    // Write code here that turns the phrase above into concrete actions&#10;    throw new io.cucumber.java.PendingException();&#10;}&#10;@When(&quot;I navigate to the warehouses page&quot;)&#10;public void i_navigate_to_the_warehouses_page() {&#10;    // Write code here that turns the phrase above into concrete actions&#10;    throw new io.cucumber.java.PendingException();&#10;}&#10;@When(&quot;there is no current warehouses existing&quot;)&#10;public void there_is_no_current_warehouses_existing() {&#10;    // Write code here that turns the phrase above into concrete actions&#10;    throw new io.cucumber.java.PendingException();&#10;}&#10;@Then(&quot;I should see an empty list of warehouses created&quot;)&#10;public void i_should_see_an_empty_list_of_warehouses_created() {&#10;    // Write code here that turns the phrase above into concrete actions&#10;    throw new io.cucumber.java.PendingException();&#10;}&#10;" type="io.cucumber.testng.UndefinedStepException">io.cucumber.testng.UndefinedStepException: 
The step 'I am on the landing page' and 3 other step(s) are undefined.
You can implement these steps using the snippet(s) below:

@Given("I am on the landing page")
public void i_am_on_the_landing_page() {
    // Write code here that turns the phrase above into concrete actions
    throw new io.cucumber.java.PendingException();
}
@When("I navigate to the warehouses page")
public void i_navigate_to_the_warehouses_page() {
    // Write code here that turns the phrase above into concrete actions
    throw new io.cucumber.java.PendingException();
}
@When("there is no current warehouses existing")
public void there_is_no_current_warehouses_existing() {
    // Write code here that turns the phrase above into concrete actions
    throw new io.cucumber.java.PendingException();
}
@Then("I should see an empty list of warehouses created")
public void i_should_see_an_empty_list_of_warehouses_created() {
    // Write code here that turns the phrase above into concrete actions
    throw new io.cucumber.java.PendingException();
}

</failure>
  </testcase>
  <testcase name="runScenario" classname="com.skillstorm.runner.CucumberRunnerTests" time="0.004">
    <failure message="The step &apos;I am at the landing page&apos; and 3 other step(s) are undefined.&#10;You can implement these steps using the snippet(s) below:&#10;&#10;@Given(&quot;I am at the landing page&quot;)&#10;public void i_am_at_the_landing_page() {&#10;    // Write code here that turns the phrase above into concrete actions&#10;    throw new io.cucumber.java.PendingException();&#10;}&#10;@When(&quot;I navigate to the items page&quot;)&#10;public void i_navigate_to_the_items_page() {&#10;    // Write code here that turns the phrase above into concrete actions&#10;    throw new io.cucumber.java.PendingException();&#10;}&#10;@Then(&quot;I should see a list of all items created&quot;)&#10;public void i_should_see_a_list_of_all_items_created() {&#10;    // Write code here that turns the phrase above into concrete actions&#10;    throw new io.cucumber.java.PendingException();&#10;}&#10;@Then(&quot;each item should display their id, name, and description&quot;)&#10;public void each_item_should_display_their_id_name_and_description() {&#10;    // Write code here that turns the phrase above into concrete actions&#10;    throw new io.cucumber.java.PendingException();&#10;}&#10;" type="io.cucumber.testng.UndefinedStepException">io.cucumber.testng.UndefinedStepException: 
The step 'I am at the landing page' and 3 other step(s) are undefined.
You can implement these steps using the snippet(s) below:

@Given("I am at the landing page")
public void i_am_at_the_landing_page() {
    // Write code here that turns the phrase above into concrete actions
    throw new io.cucumber.java.PendingException();
}
@When("I navigate to the items page")
public void i_navigate_to_the_items_page() {
    // Write code here that turns the phrase above into concrete actions
    throw new io.cucumber.java.PendingException();
}
@Then("I should see a list of all items created")
public void i_should_see_a_list_of_all_items_created() {
    // Write code here that turns the phrase above into concrete actions
    throw new io.cucumber.java.PendingException();
}
@Then("each item should display their id, name, and description")
public void each_item_should_display_their_id_name_and_description() {
    // Write code here that turns the phrase above into concrete actions
    throw new io.cucumber.java.PendingException();
}

</failure>
  </testcase>
  <testcase name="runScenario" classname="com.skillstorm.runner.CucumberRunnerTests" time="0.005">
    <failure message="The step &apos;I am at the landing page&apos; and 3 other step(s) are undefined.&#10;You can implement these steps using the snippet(s) below:&#10;&#10;@Given(&quot;I am at the landing page&quot;)&#10;public void i_am_at_the_landing_page() {&#10;    // Write code here that turns the phrase above into concrete actions&#10;    throw new io.cucumber.java.PendingException();&#10;}&#10;@When(&quot;I navigate to the items page&quot;)&#10;public void i_navigate_to_the_items_page() {&#10;    // Write code here that turns the phrase above into concrete actions&#10;    throw new io.cucumber.java.PendingException();&#10;}&#10;@When(&quot;there is no current items existing&quot;)&#10;public void there_is_no_current_items_existing() {&#10;    // Write code here that turns the phrase above into concrete actions&#10;    throw new io.cucumber.java.PendingException();&#10;}&#10;@Then(&quot;I should see an empty list of items created&quot;)&#10;public void i_should_see_an_empty_list_of_items_created() {&#10;    // Write code here that turns the phrase above into concrete actions&#10;    throw new io.cucumber.java.PendingException();&#10;}&#10;" type="io.cucumber.testng.UndefinedStepException">io.cucumber.testng.UndefinedStepException: 
The step 'I am at the landing page' and 3 other step(s) are undefined.
You can implement these steps using the snippet(s) below:

@Given("I am at the landing page")
public void i_am_at_the_landing_page() {
    // Write code here that turns the phrase above into concrete actions
    throw new io.cucumber.java.PendingException();
}
@When("I navigate to the items page")
public void i_navigate_to_the_items_page() {
    // Write code here that turns the phrase above into concrete actions
    throw new io.cucumber.java.PendingException();
}
@When("there is no current items existing")
public void there_is_no_current_items_existing() {
    // Write code here that turns the phrase above into concrete actions
    throw new io.cucumber.java.PendingException();
}
@Then("I should see an empty list of items created")
public void i_should_see_an_empty_list_of_items_created() {
    // Write code here that turns the phrase above into concrete actions
    throw new io.cucumber.java.PendingException();
}

</failure>
  </testcase>
  <testcase name="runScenario" classname="com.skillstorm.runner.CucumberRunnerTests" time="0.004">
    <failure message="The step &apos;I am on the Warehouses page&apos; and 3 other step(s) are undefined.&#10;You can implement these steps using the snippet(s) below:&#10;&#10;@Given(&quot;I am on the Warehouses page&quot;)&#10;public void i_am_on_the_warehouses_page() {&#10;    // Write code here that turns the phrase above into concrete actions&#10;    throw new io.cucumber.java.PendingException();&#10;}&#10;@Given(&quot;I expand a warehouse&apos;s details&quot;)&#10;public void i_expand_a_warehouse_s_details() {&#10;    // Write code here that turns the phrase above into concrete actions&#10;    throw new io.cucumber.java.PendingException();&#10;}&#10;@When(&quot;I click to edit an item&quot;)&#10;public void i_click_to_edit_an_item() {&#10;    // Write code here that turns the phrase above into concrete actions&#10;    throw new io.cucumber.java.PendingException();&#10;}&#10;@Then(&quot;a window should display the item Id and quantity&quot;)&#10;public void a_window_should_display_the_item_id_and_quantity() {&#10;    // Write code here that turns the phrase above into concrete actions&#10;    throw new io.cucumber.java.PendingException();&#10;}&#10;" type="io.cucumber.testng.UndefinedStepException">io.cucumber.testng.UndefinedStepException: 
The step 'I am on the Warehouses page' and 3 other step(s) are undefined.
You can implement these steps using the snippet(s) below:

@Given("I am on the Warehouses page")
public void i_am_on_the_warehouses_page() {
    // Write code here that turns the phrase above into concrete actions
    throw new io.cucumber.java.PendingException();
}
@Given("I expand a warehouse's details")
public void i_expand_a_warehouse_s_details() {
    // Write code here that turns the phrase above into concrete actions
    throw new io.cucumber.java.PendingException();
}
@When("I click to edit an item")
public void i_click_to_edit_an_item() {
    // Write code here that turns the phrase above into concrete actions
    throw new io.cucumber.java.PendingException();
}
@Then("a window should display the item Id and quantity")
public void a_window_should_display_the_item_id_and_quantity() {
    // Write code here that turns the phrase above into concrete actions
    throw new io.cucumber.java.PendingException();
}

</failure>
  </testcase>
  <testcase name="runScenario" classname="com.skillstorm.runner.CucumberRunnerTests" time="0.015">
    <failure message="The step &apos;I am on the Warehouse page&apos; and 8 other step(s) are undefined.&#10;You can implement these steps using the snippet(s) below:&#10;&#10;@Given(&quot;I am on the Warehouse page&quot;)&#10;public void i_am_on_the_warehouse_page() {&#10;    // Write code here that turns the phrase above into concrete actions&#10;    throw new io.cucumber.java.PendingException();&#10;}&#10;@Given(&quot;I expand the details for warehouse {string}&quot;)&#10;public void i_expand_the_details_for_warehouse(String string) {&#10;    // Write code here that turns the phrase above into concrete actions&#10;    throw new io.cucumber.java.PendingException();&#10;}&#10;@Given(&quot;I click to edit item named {string}&quot;)&#10;public void i_click_to_edit_item_named(String string) {&#10;    // Write code here that turns the phrase above into concrete actions&#10;    throw new io.cucumber.java.PendingException();&#10;}&#10;@When(&quot;I change the inventory item Id to {string}&quot;)&#10;public void i_change_the_inventory_item_id_to(String string) {&#10;    // Write code here that turns the phrase above into concrete actions&#10;    throw new io.cucumber.java.PendingException();&#10;}&#10;@When(&quot;I change the quantity to {string}&quot;)&#10;public void i_change_the_quantity_to(String string) {&#10;    // Write code here that turns the phrase above into concrete actions&#10;    throw new io.cucumber.java.PendingException();&#10;}&#10;@When(&quot;I click the submit button&quot;)&#10;public void i_click_the_submit_button() {&#10;    // Write code here that turns the phrase above into concrete actions&#10;    throw new io.cucumber.java.PendingException();&#10;}&#10;@Then(&quot;the update should be successful&quot;)&#10;public void the_update_should_be_successful() {&#10;    // Write code here that turns the phrase above into concrete actions&#10;    throw new io.cucumber.java.PendingException();&#10;}&#10;@Then(&quot;the item name should be updated to {string}&quot;)&#10;public void the_item_name_should_be_updated_to(String string) {&#10;    // Write code here that turns the phrase above into concrete actions&#10;    throw new io.cucumber.java.PendingException();&#10;}&#10;@Then(&quot;the amount should be updated to {string}&quot;)&#10;public void the_amount_should_be_updated_to(String string) {&#10;    // Write code here that turns the phrase above into concrete actions&#10;    throw new io.cucumber.java.PendingException();&#10;}&#10;" type="io.cucumber.testng.UndefinedStepException">io.cucumber.testng.UndefinedStepException: 
The step 'I am on the Warehouse page' and 8 other step(s) are undefined.
You can implement these steps using the snippet(s) below:

@Given("I am on the Warehouse page")
public void i_am_on_the_warehouse_page() {
    // Write code here that turns the phrase above into concrete actions
    throw new io.cucumber.java.PendingException();
}
@Given("I expand the details for warehouse {string}")
public void i_expand_the_details_for_warehouse(String string) {
    // Write code here that turns the phrase above into concrete actions
    throw new io.cucumber.java.PendingException();
}
@Given("I click to edit item named {string}")
public void i_click_to_edit_item_named(String string) {
    // Write code here that turns the phrase above into concrete actions
    throw new io.cucumber.java.PendingException();
}
@When("I change the inventory item Id to {string}")
public void i_change_the_inventory_item_id_to(String string) {
    // Write code here that turns the phrase above into concrete actions
    throw new io.cucumber.java.PendingException();
}
@When("I change the quantity to {string}")
public void i_change_the_quantity_to(String string) {
    // Write code here that turns the phrase above into concrete actions
    throw new io.cucumber.java.PendingException();
}
@When("I click the submit button")
public void i_click_the_submit_button() {
    // Write code here that turns the phrase above into concrete actions
    throw new io.cucumber.java.PendingException();
}
@Then("the update should be successful")
public void the_update_should_be_successful() {
    // Write code here that turns the phrase above into concrete actions
    throw new io.cucumber.java.PendingException();
}
@Then("the item name should be updated to {string}")
public void the_item_name_should_be_updated_to(String string) {
    // Write code here that turns the phrase above into concrete actions
    throw new io.cucumber.java.PendingException();
}
@Then("the amount should be updated to {string}")
public void the_amount_should_be_updated_to(String string) {
    // Write code here that turns the phrase above into concrete actions
    throw new io.cucumber.java.PendingException();
}

</failure>
  </testcase>
  <testcase name="runScenario" classname="com.skillstorm.runner.CucumberRunnerTests" time="0.007">
    <failure message="The step &apos;I am on the Warehouses page&apos; and 6 other step(s) are undefined.&#10;You can implement these steps using the snippet(s) below:&#10;&#10;@Given(&quot;I am on the Warehouses page&quot;)&#10;public void i_am_on_the_warehouses_page() {&#10;    // Write code here that turns the phrase above into concrete actions&#10;    throw new io.cucumber.java.PendingException();&#10;}&#10;@Given(&quot;I expand the details for warehouse {string}&quot;)&#10;public void i_expand_the_details_for_warehouse(String string) {&#10;    // Write code here that turns the phrase above into concrete actions&#10;    throw new io.cucumber.java.PendingException();&#10;}&#10;@Given(&quot;I click to edit item named {string}&quot;)&#10;public void i_click_to_edit_item_named(String string) {&#10;    // Write code here that turns the phrase above into concrete actions&#10;    throw new io.cucumber.java.PendingException();&#10;}&#10;@When(&quot;I try to edit the item quantity to have an invalid amount {string}&quot;)&#10;public void i_try_to_edit_the_item_quantity_to_have_an_invalid_amount(String string) {&#10;    // Write code here that turns the phrase above into concrete actions&#10;    throw new io.cucumber.java.PendingException();&#10;}&#10;@When(&quot;I click the submit button&quot;)&#10;public void i_click_the_submit_button() {&#10;    // Write code here that turns the phrase above into concrete actions&#10;    throw new io.cucumber.java.PendingException();&#10;}&#10;@Then(&quot;I should receive an error message&quot;)&#10;public void i_should_receive_an_error_message() {&#10;    // Write code here that turns the phrase above into concrete actions&#10;    throw new io.cucumber.java.PendingException();&#10;}&#10;@Then(&quot;the inventory item should not be updated&quot;)&#10;public void the_inventory_item_should_not_be_updated() {&#10;    // Write code here that turns the phrase above into concrete actions&#10;    throw new io.cucumber.java.PendingException();&#10;}&#10;" type="io.cucumber.testng.UndefinedStepException">io.cucumber.testng.UndefinedStepException: 
The step 'I am on the Warehouses page' and 6 other step(s) are undefined.
You can implement these steps using the snippet(s) below:

@Given("I am on the Warehouses page")
public void i_am_on_the_warehouses_page() {
    // Write code here that turns the phrase above into concrete actions
    throw new io.cucumber.java.PendingException();
}
@Given("I expand the details for warehouse {string}")
public void i_expand_the_details_for_warehouse(String string) {
    // Write code here that turns the phrase above into concrete actions
    throw new io.cucumber.java.PendingException();
}
@Given("I click to edit item named {string}")
public void i_click_to_edit_item_named(String string) {
    // Write code here that turns the phrase above into concrete actions
    throw new io.cucumber.java.PendingException();
}
@When("I try to edit the item quantity to have an invalid amount {string}")
public void i_try_to_edit_the_item_quantity_to_have_an_invalid_amount(String string) {
    // Write code here that turns the phrase above into concrete actions
    throw new io.cucumber.java.PendingException();
}
@When("I click the submit button")
public void i_click_the_submit_button() {
    // Write code here that turns the phrase above into concrete actions
    throw new io.cucumber.java.PendingException();
}
@Then("I should receive an error message")
public void i_should_receive_an_error_message() {
    // Write code here that turns the phrase above into concrete actions
    throw new io.cucumber.java.PendingException();
}
@Then("the inventory item should not be updated")
public void the_inventory_item_should_not_be_updated() {
    // Write code here that turns the phrase above into concrete actions
    throw new io.cucumber.java.PendingException();
}

</failure>
  </testcase>
  <testcase name="runScenario" classname="com.skillstorm.runner.CucumberRunnerTests" time="0.004">
    <failure message="The step &apos;the user is on the Warehouse page&apos; and 3 other step(s) are undefined.&#10;You can implement these steps using the snippet(s) below:&#10;&#10;@Given(&quot;the user is on the Warehouse page&quot;)&#10;public void the_user_is_on_the_warehouse_page() {&#10;    // Write code here that turns the phrase above into concrete actions&#10;    throw new io.cucumber.java.PendingException();&#10;}&#10;@Given(&quot;clicks teh details button for a warehouse&quot;)&#10;public void clicks_teh_details_button_for_a_warehouse() {&#10;    // Write code here that turns the phrase above into concrete actions&#10;    throw new io.cucumber.java.PendingException();&#10;}&#10;@When(&quot;the user clicks the delete button&quot;)&#10;public void the_user_clicks_the_delete_button() {&#10;    // Write code here that turns the phrase above into concrete actions&#10;    throw new io.cucumber.java.PendingException();&#10;}&#10;@Then(&quot;the inventory should be removed&quot;)&#10;public void the_inventory_should_be_removed() {&#10;    // Write code here that turns the phrase above into concrete actions&#10;    throw new io.cucumber.java.PendingException();&#10;}&#10;" type="io.cucumber.testng.UndefinedStepException">io.cucumber.testng.UndefinedStepException: 
The step 'the user is on the Warehouse page' and 3 other step(s) are undefined.
You can implement these steps using the snippet(s) below:

@Given("the user is on the Warehouse page")
public void the_user_is_on_the_warehouse_page() {
    // Write code here that turns the phrase above into concrete actions
    throw new io.cucumber.java.PendingException();
}
@Given("clicks teh details button for a warehouse")
public void clicks_teh_details_button_for_a_warehouse() {
    // Write code here that turns the phrase above into concrete actions
    throw new io.cucumber.java.PendingException();
}
@When("the user clicks the delete button")
public void the_user_clicks_the_delete_button() {
    // Write code here that turns the phrase above into concrete actions
    throw new io.cucumber.java.PendingException();
}
@Then("the inventory should be removed")
public void the_inventory_should_be_removed() {
    // Write code here that turns the phrase above into concrete actions
    throw new io.cucumber.java.PendingException();
}

</failure>
  </testcase>
</testsuite>