<?xml version="1.0" encoding="UTF-8"?>
<testsuite xmlns:xsi="http://www.w3.org/2001/XMLSchema-instance" xsi:noNamespaceSchemaLocation="https://maven.apache.org/surefire/maven-surefire-plugin/xsd/surefire-test-report-3.0.xsd" version="3.0" name="com.skillstorm.RunCucumberTest" time="96.571" tests="11" errors="11" skipped="0" failures="0">
  <properties>
[...]
</properties>
  <testcase name="Displaying a list of all warehouses" classname="View All Warehouses" time="35.733">
    <error message="Reached error page: about:neterror?e=connectionFailure&amp;u=http%3A//localhost%3A5173/&amp;c=UTF-8&amp;d=Firefox%20can%E2%80%99t%20establish%20a%20connection%20to%20the%20server%20at%20localhost%3A5173.&#10;Build info: version: &apos;4.23.0&apos;, revision: &apos;4df0a231af&apos;&#10;System info: os.name: &apos;Windows 11&apos;, os.arch: &apos;amd64&apos;, os.version: &apos;10.0&apos;, java.version: &apos;17.0.11&apos;&#10;Driver info: org.openqa.selenium.firefox.FirefoxDriver&#10;Command: [846e0b9d-cb27-4de7-851e-feb543c3a2cc, get {url=http://localhost:5173}]&#10;Capabilities {acceptInsecureCerts: true, browserName: firefox, browserVersion: 129.0.2, moz:accessibilityChecks: false, moz:buildID: 20240819150008, moz:debuggerAddress: 127.0.0.1:6941, moz:geckodriverVersion: 0.35.0, moz:headless: false, moz:platformVersion: 10.0, moz:processID: 30916, moz:profile: C:\Users\aldri\AppData\Loca..., moz:shutdownTimeout: 60000, moz:webdriverClick: true, moz:windowless: false, pageLoadStrategy: normal, platformName: windows, proxy: Proxy(), se:cdp: ws://127.0.0.1:6941/devtool..., se:cdpVersion: 85.0, setWindowRect: true, strictFileInteractability: false, timeouts: {implicit: 0, pageLoad: 300000, script: 30000}, unhandledPromptBehavior: dismiss and notify, userAgent: Mozilla/5.0 (Windows NT 10....}&#10;Session ID: 846e0b9d-cb27-4de7-851e-feb543c3a2cc" type="org.openqa.selenium.WebDriverException"><![CDATA[org.openqa.selenium.WebDriverException: 
Reached error page: about:neterror?e=connectionFailure&u=http%3A//localhost%3A5173/&c=UTF-8&d=Firefox%20can%E2%80%99t%20establish%20a%20connection%20to%20the%20server%20at%20localhost%3A5173.
Build info: version: '4.23.0', revision: '4df0a231af'
System info: os.name: 'Windows 11', os.arch: 'amd64', os.version: '10.0', java.version: '17.0.11'
Driver info: org.openqa.selenium.firefox.FirefoxDriver
Command: [846e0b9d-cb27-4de7-851e-feb543c3a2cc, get {url=http://localhost:5173}]
Capabilities {acceptInsecureCerts: true, browserName: firefox, browserVersion: 129.0.2, moz:accessibilityChecks: false, moz:buildID: 20240819150008, moz:debuggerAddress: 127.0.0.1:6941, moz:geckodriverVersion: 0.35.0, moz:headless: false, moz:platformVersion: 10.0, moz:processID: 30916, moz:profile: C:\Users\aldri\AppData\Loca..., moz:shutdownTimeout: 60000, moz:webdriverClick: true, moz:windowless: false, pageLoadStrategy: normal, platformName: windows, proxy: Proxy(), se:cdp: ws://127.0.0.1:6941/devtool..., se:cdpVersion: 85.0, setWindowRect: true, strictFileInteractability: false, timeouts: {implicit: 0, pageLoad: 300000, script: 30000}, unhandledPromptBehavior: dismiss and notify, userAgent: Mozilla/5.0 (Windows NT 10....}
Session ID: 846e0b9d-cb27-4de7-851e-feb543c3a2cc
	at java.base/jdk.internal.reflect.NativeConstructorAccessorImpl.newInstance0(Native Method)
	at java.base/jdk.internal.reflect.NativeConstructorAccessorImpl.newInstance(NativeConstructorAccessorImpl.java:77)
	at java.base/jdk.internal.reflect.DelegatingConstructorAccessorImpl.newInstance(DelegatingConstructorAccessorImpl.java:45)
	at java.base/java.lang.reflect.Constructor.newInstanceWithCaller(Constructor.java:499)
	at java.base/java.lang.reflect.Constructor.newInstance(Constructor.java:480)
	at org.openqa.selenium.remote.ErrorCodec.decode(ErrorCodec.java:167)
	at org.openqa.selenium.remote.codec.w3c.W3CHttpResponseCodec.decode(W3CHttpResponseCodec.java:138)
	at org.openqa.selenium.remote.codec.w3c.W3CHttpResponseCodec.decode(W3CHttpResponseCodec.java:50)
	at org.openqa.selenium.remote.HttpCommandExecutor.execute(HttpCommandExecutor.java:190)
	at org.openqa.selenium.remote.service.DriverCommandExecutor.invokeExecute(DriverCommandExecutor.java:216)
	at org.openqa.selenium.remote.service.DriverCommandExecutor.execute(DriverCommandExecutor.java:174)
	at org.openqa.selenium.remote.RemoteWebDriver.execute(RemoteWebDriver.java:527)
	at org.openqa.selenium.remote.RemoteWebDriver.get(RemoteWebDriver.java:302)
	at com.skillstorm.ViewAllWarehousesSteps.iAmOnTheLandingPage(ViewAllWarehousesSteps.java:33)
	at ✽.I am on the landing page(classpath:com/skillstorm/01-view_all_warehouses.feature:7)
]]></error>
    <system-out><![CDATA[
Scenario: Displaying a list of all warehouses                                                 &amp#27;[90m# com/skillstorm/01-view_all_warehouses.feature:6&amp#27;[0m
  &amp#27;[31mGiven &amp#27;[0m&amp#27;[31mI am on the landing page&amp#27;[0m                                                              &amp#27;[90m# com.skillstorm.ViewAllWarehousesSteps.iAmOnTheLandingPage()&amp#27;[0m
      &amp#27;[31morg.openqa.selenium.WebDriverException: Reached error page: about:neterror?e=connectionFailure&u=http%3A//localhost%3A5173/&c=UTF-8&d=Firefox%20can%E2%80%99t%20establish%20a%20connection%20to%20the%20server%20at%20localhost%3A5173.
Build info: version: '4.23.0', revision: '4df0a231af'
System info: os.name: 'Windows 11', os.arch: 'amd64', os.version: '10.0', java.version: '17.0.11'
Driver info: org.openqa.selenium.firefox.FirefoxDriver
Command: [846e0b9d-cb27-4de7-851e-feb543c3a2cc, get {url=http://localhost:5173}]
Capabilities {acceptInsecureCerts: true, browserName: firefox, browserVersion: 129.0.2, moz:accessibilityChecks: false, moz:buildID: 20240819150008, moz:debuggerAddress: 127.0.0.1:6941, moz:geckodriverVersion: 0.35.0, moz:headless: false, moz:platformVersion: 10.0, moz:processID: 30916, moz:profile: C:\Users\aldri\AppData\Loca..., moz:shutdownTimeout: 60000, moz:webdriverClick: true, moz:windowless: false, pageLoadStrategy: normal, platformName: windows, proxy: Proxy(), se:cdp: ws://127.0.0.1:6941/devtool..., se:cdpVersion: 85.0, setWindowRect: true, strictFileInteractability: false, timeouts: {implicit: 0, pageLoad: 300000, script: 30000}, unhandledPromptBehavior: dismiss and notify, userAgent: Mozilla/5.0 (Windows NT 10....}
Session ID: 846e0b9d-cb27-4de7-851e-feb543c3a2cc
	at java.base/jdk.internal.reflect.NativeConstructorAccessorImpl.newInstance0(Native Method)
	at java.base/jdk.internal.reflect.NativeConstructorAccessorImpl.newInstance(NativeConstructorAccessorImpl.java:77)
	at java.base/jdk.internal.reflect.DelegatingConstructorAccessorImpl.newInstance(DelegatingConstructorAccessorImpl.java:45)
	at java.base/java.lang.reflect.Constructor.newInstanceWithCaller(Constructor.java:499)
	at java.base/java.lang.reflect.Constructor.newInstance(Constructor.java:480)
	at org.openqa.selenium.remote.ErrorCodec.decode(ErrorCodec.java:167)
	at org.openqa.selenium.remote.codec.w3c.W3CHttpResponseCodec.decode(W3CHttpResponseCodec.java:138)
	at org.openqa.selenium.remote.codec.w3c.W3CHttpResponseCodec.decode(W3CHttpResponseCodec.java:50)
	at org.openqa.selenium.remote.HttpCommandExecutor.execute(HttpCommandExecutor.java:190)
	at org.openqa.selenium.remote.service.DriverCommandExecutor.invokeExecute(DriverCommandExecutor.java:216)
	at org.openqa.selenium.remote.service.DriverCommandExecutor.execute(DriverCommandExecutor.java:174)
	at org.openqa.selenium.remote.RemoteWebDriver.execute(RemoteWebDriver.java:527)
	at org.openqa.selenium.remote.RemoteWebDriver.get(RemoteWebDriver.java:302)
	at com.skillstorm.ViewAllWarehousesSteps.iAmOnTheLandingPage(ViewAllWarehousesSteps.java:33)
	at âœ½.I am on the landing page(classpath:com/skillstorm/01-view_all_warehouses.feature:7)
&amp#27;[0m
  &amp#27;[36mWhen &amp#27;[0m&amp#27;[36mI navigate to the warehouses page&amp#27;[0m                                                      &amp#27;[90m# com.skillstorm.ViewAllWarehousesSteps.iNavigateToTheWarehousesPage()&amp#27;[0m
  &amp#27;[36mAnd &amp#27;[0m&amp#27;[36mthere is one or more warehouses existing&amp#27;[0m                                                &amp#27;[90m# com.skillstorm.ViewAllWarehousesSteps.thereIsOneOrMoreWarehousesExisting()&amp#27;[0m
  &amp#27;[36mThen &amp#27;[0m&amp#27;[36mI should see a list of all warehouses created&amp#27;[0m                                          &amp#27;[90m# com.skillstorm.ViewAllWarehousesSteps.iShouldSeeAListOfAllWarehousesCreated()&amp#27;[0m
  &amp#27;[36mAnd &amp#27;[0m&amp#27;[36meach warehouse should display the warehouse name, owner, location, and maximum capacity&amp#27;[0m &amp#27;[90m# com.skillstorm.ViewAllWarehousesSteps.eachWarehouseShouldDisplayDetails()&amp#27;[0m
]]></system-out>
  </testcase>
  <testcase name="Displaying an empty list of all warehouses" classname="View All Warehouses" time="11.289">
    <error message="Reached error page: about:neterror?e=connectionFailure&amp;u=http%3A//localhost%3A5173/&amp;c=UTF-8&amp;d=Firefox%20can%E2%80%99t%20establish%20a%20connection%20to%20the%20server%20at%20localhost%3A5173.&#10;Build info: version: &apos;4.23.0&apos;, revision: &apos;4df0a231af&apos;&#10;System info: os.name: &apos;Windows 11&apos;, os.arch: &apos;amd64&apos;, os.version: &apos;10.0&apos;, java.version: &apos;17.0.11&apos;&#10;Driver info: org.openqa.selenium.firefox.FirefoxDriver&#10;Command: [d56f642d-e494-45e2-b0ba-4fd5774dbae8, get {url=http://localhost:5173}]&#10;Capabilities {acceptInsecureCerts: true, browserName: firefox, browserVersion: 129.0.2, moz:accessibilityChecks: false, moz:buildID: 20240819150008, moz:debuggerAddress: 127.0.0.1:33049, moz:geckodriverVersion: 0.35.0, moz:headless: false, moz:platformVersion: 10.0, moz:processID: 46736, moz:profile: C:\Users\aldri\AppData\Loca..., moz:shutdownTimeout: 60000, moz:webdriverClick: true, moz:windowless: false, pageLoadStrategy: normal, platformName: windows, proxy: Proxy(), se:cdp: ws://127.0.0.1:33049/devtoo..., se:cdpVersion: 85.0, setWindowRect: true, strictFileInteractability: false, timeouts: {implicit: 0, pageLoad: 300000, script: 30000}, unhandledPromptBehavior: dismiss and notify, userAgent: Mozilla/5.0 (Windows NT 10....}&#10;Session ID: d56f642d-e494-45e2-b0ba-4fd5774dbae8" type="org.openqa.selenium.WebDriverException"><![CDATA[org.openqa.selenium.WebDriverException: 
Reached error page: about:neterror?e=connectionFailure&u=http%3A//localhost%3A5173/&c=UTF-8&d=Firefox%20can%E2%80%99t%20establish%20a%20connection%20to%20the%20server%20at%20localhost%3A5173.
Build info: version: '4.23.0', revision: '4df0a231af'
System info: os.name: 'Windows 11', os.arch: 'amd64', os.version: '10.0', java.version: '17.0.11'
Driver info: org.openqa.selenium.firefox.FirefoxDriver
Command: [d56f642d-e494-45e2-b0ba-4fd5774dbae8, get {url=http://localhost:5173}]
Capabilities {acceptInsecureCerts: true, browserName: firefox, browserVersion: 129.0.2, moz:accessibilityChecks: false, moz:buildID: 20240819150008, moz:debuggerAddress: 127.0.0.1:33049, moz:geckodriverVersion: 0.35.0, moz:headless: false, moz:platformVersion: 10.0, moz:processID: 46736, moz:profile: C:\Users\aldri\AppData\Loca..., moz:shutdownTimeout: 60000, moz:webdriverClick: true, moz:windowless: false, pageLoadStrategy: normal, platformName: windows, proxy: Proxy(), se:cdp: ws://127.0.0.1:33049/devtoo..., se:cdpVersion: 85.0, setWindowRect: true, strictFileInteractability: false, timeouts: {implicit: 0, pageLoad: 300000, script: 30000}, unhandledPromptBehavior: dismiss and notify, userAgent: Mozilla/5.0 (Windows NT 10....}
Session ID: d56f642d-e494-45e2-b0ba-4fd5774dbae8
	at java.base/jdk.internal.reflect.NativeConstructorAccessorImpl.newInstance0(Native Method)
	at java.base/jdk.internal.reflect.NativeConstructorAccessorImpl.newInstance(NativeConstructorAccessorImpl.java:77)
	at java.base/jdk.internal.reflect.DelegatingConstructorAccessorImpl.newInstance(DelegatingConstructorAccessorImpl.java:45)
	at java.base/java.lang.reflect.Constructor.newInstanceWithCaller(Constructor.java:499)
	at java.base/java.lang.reflect.Constructor.newInstance(Constructor.java:480)
	at org.openqa.selenium.remote.ErrorCodec.decode(ErrorCodec.java:167)
	at org.openqa.selenium.remote.codec.w3c.W3CHttpResponseCodec.decode(W3CHttpResponseCodec.java:138)
	at org.openqa.selenium.remote.codec.w3c.W3CHttpResponseCodec.decode(W3CHttpResponseCodec.java:50)
	at org.openqa.selenium.remote.HttpCommandExecutor.execute(HttpCommandExecutor.java:190)
	at org.openqa.selenium.remote.service.DriverCommandExecutor.invokeExecute(DriverCommandExecutor.java:216)
	at org.openqa.selenium.remote.service.DriverCommandExecutor.execute(DriverCommandExecutor.java:174)
	at org.openqa.selenium.remote.RemoteWebDriver.execute(RemoteWebDriver.java:527)
	at org.openqa.selenium.remote.RemoteWebDriver.get(RemoteWebDriver.java:302)
	at com.skillstorm.ViewAllWarehousesSteps.iAmOnTheLandingPage(ViewAllWarehousesSteps.java:33)
	at ✽.I am on the landing page(classpath:com/skillstorm/01-view_all_warehouses.feature:15)
]]></error>
    <system-out><![CDATA[
Scenario: Displaying an empty list of all warehouses    &amp#27;[90m# com/skillstorm/01-view_all_warehouses.feature:14&amp#27;[0m
  &amp#27;[31mGiven &amp#27;[0m&amp#27;[31mI am on the landing page&amp#27;[0m                        &amp#27;[90m# com.skillstorm.ViewAllWarehousesSteps.iAmOnTheLandingPage()&amp#27;[0m
      &amp#27;[31morg.openqa.selenium.WebDriverException: Reached error page: about:neterror?e=connectionFailure&u=http%3A//localhost%3A5173/&c=UTF-8&d=Firefox%20can%E2%80%99t%20establish%20a%20connection%20to%20the%20server%20at%20localhost%3A5173.
Build info: version: '4.23.0', revision: '4df0a231af'
System info: os.name: 'Windows 11', os.arch: 'amd64', os.version: '10.0', java.version: '17.0.11'
Driver info: org.openqa.selenium.firefox.FirefoxDriver
Command: [d56f642d-e494-45e2-b0ba-4fd5774dbae8, get {url=http://localhost:5173}]
Capabilities {acceptInsecureCerts: true, browserName: firefox, browserVersion: 129.0.2, moz:accessibilityChecks: false, moz:buildID: 20240819150008, moz:debuggerAddress: 127.0.0.1:33049, moz:geckodriverVersion: 0.35.0, moz:headless: false, moz:platformVersion: 10.0, moz:processID: 46736, moz:profile: C:\Users\aldri\AppData\Loca..., moz:shutdownTimeout: 60000, moz:webdriverClick: true, moz:windowless: false, pageLoadStrategy: normal, platformName: windows, proxy: Proxy(), se:cdp: ws://127.0.0.1:33049/devtoo..., se:cdpVersion: 85.0, setWindowRect: true, strictFileInteractability: false, timeouts: {implicit: 0, pageLoad: 300000, script: 30000}, unhandledPromptBehavior: dismiss and notify, userAgent: Mozilla/5.0 (Windows NT 10....}
Session ID: d56f642d-e494-45e2-b0ba-4fd5774dbae8
	at java.base/jdk.internal.reflect.NativeConstructorAccessorImpl.newInstance0(Native Method)
	at java.base/jdk.internal.reflect.NativeConstructorAccessorImpl.newInstance(NativeConstructorAccessorImpl.java:77)
	at java.base/jdk.internal.reflect.DelegatingConstructorAccessorImpl.newInstance(DelegatingConstructorAccessorImpl.java:45)
	at java.base/java.lang.reflect.Constructor.newInstanceWithCaller(Constructor.java:499)
	at java.base/java.lang.reflect.Constructor.newInstance(Constructor.java:480)
	at org.openqa.selenium.remote.ErrorCodec.decode(ErrorCodec.java:167)
	at org.openqa.selenium.remote.codec.w3c.W3CHttpResponseCodec.decode(W3CHttpResponseCodec.java:138)
	at org.openqa.selenium.remote.codec.w3c.W3CHttpResponseCodec.decode(W3CHttpResponseCodec.java:50)
	at org.openqa.selenium.remote.HttpCommandExecutor.execute(HttpCommandExecutor.java:190)
	at org.openqa.selenium.remote.service.DriverCommandExecutor.invokeExecute(DriverCommandExecutor.java:216)
	at org.openqa.selenium.remote.service.DriverCommandExecutor.execute(DriverCommandExecutor.java:174)
	at org.openqa.selenium.remote.RemoteWebDriver.execute(RemoteWebDriver.java:527)
	at org.openqa.selenium.remote.RemoteWebDriver.get(RemoteWebDriver.java:302)
	at com.skillstorm.ViewAllWarehousesSteps.iAmOnTheLandingPage(ViewAllWarehousesSteps.java:33)
	at âœ½.I am on the landing page(classpath:com/skillstorm/01-view_all_warehouses.feature:15)
&amp#27;[0m
  &amp#27;[36mWhen &amp#27;[0m&amp#27;[36mI navigate to the warehouses page&amp#27;[0m                &amp#27;[90m# com.skillstorm.ViewAllWarehousesSteps.iNavigateToTheWarehousesPage()&amp#27;[0m
  &amp#27;[36mAnd &amp#27;[0m&amp#27;[36mthere is no current warehouses existing&amp#27;[0m           &amp#27;[90m# com.skillstorm.ViewAllWarehousesSteps.thereIsNoCurrentWarehousesExisting()&amp#27;[0m
  &amp#27;[36mThen &amp#27;[0m&amp#27;[36mI should see an empty list of warehouses created&amp#27;[0m &amp#27;[90m# com.skillstorm.ViewAllWarehousesSteps.iShouldSeeAnEmptyListOfWarehousesCreated()&amp#27;[0m
]]></system-out>
  </testcase>
  <testcase name="Displaying a list of all items" classname="View All Items" time="9.871">
    <error message="Reached error page: about:neterror?e=connectionFailure&amp;u=http%3A//localhost%3A5173/&amp;c=UTF-8&amp;d=Firefox%20can%E2%80%99t%20establish%20a%20connection%20to%20the%20server%20at%20localhost%3A5173.&#10;Build info: version: &apos;4.23.0&apos;, revision: &apos;4df0a231af&apos;&#10;System info: os.name: &apos;Windows 11&apos;, os.arch: &apos;amd64&apos;, os.version: &apos;10.0&apos;, java.version: &apos;17.0.11&apos;&#10;Driver info: org.openqa.selenium.firefox.FirefoxDriver&#10;Command: [a624103a-dbd4-49ad-be22-41f0146fc786, get {url=http://localhost:5173}]&#10;Capabilities {acceptInsecureCerts: true, browserName: firefox, browserVersion: 129.0.2, moz:accessibilityChecks: false, moz:buildID: 20240819150008, moz:debuggerAddress: 127.0.0.1:17662, moz:geckodriverVersion: 0.35.0, moz:headless: false, moz:platformVersion: 10.0, moz:processID: 35388, moz:profile: C:\Users\aldri\AppData\Loca..., moz:shutdownTimeout: 60000, moz:webdriverClick: true, moz:windowless: false, pageLoadStrategy: normal, platformName: windows, proxy: Proxy(), se:cdp: ws://127.0.0.1:17662/devtoo..., se:cdpVersion: 85.0, setWindowRect: true, strictFileInteractability: false, timeouts: {implicit: 0, pageLoad: 300000, script: 30000}, unhandledPromptBehavior: dismiss and notify, userAgent: Mozilla/5.0 (Windows NT 10....}&#10;Session ID: a624103a-dbd4-49ad-be22-41f0146fc786" type="org.openqa.selenium.WebDriverException"><![CDATA[org.openqa.selenium.WebDriverException: 
Reached error page: about:neterror?e=connectionFailure&u=http%3A//localhost%3A5173/&c=UTF-8&d=Firefox%20can%E2%80%99t%20establish%20a%20connection%20to%20the%20server%20at%20localhost%3A5173.
Build info: version: '4.23.0', revision: '4df0a231af'
System info: os.name: 'Windows 11', os.arch: 'amd64', os.version: '10.0', java.version: '17.0.11'
Driver info: org.openqa.selenium.firefox.FirefoxDriver
Command: [a624103a-dbd4-49ad-be22-41f0146fc786, get {url=http://localhost:5173}]
Capabilities {acceptInsecureCerts: true, browserName: firefox, browserVersion: 129.0.2, moz:accessibilityChecks: false, moz:buildID: 20240819150008, moz:debuggerAddress: 127.0.0.1:17662, moz:geckodriverVersion: 0.35.0, moz:headless: false, moz:platformVersion: 10.0, moz:processID: 35388, moz:profile: C:\Users\aldri\AppData\Loca..., moz:shutdownTimeout: 60000, moz:webdriverClick: true, moz:windowless: false, pageLoadStrategy: normal, platformName: windows, proxy: Proxy(), se:cdp: ws://127.0.0.1:17662/devtoo..., se:cdpVersion: 85.0, setWindowRect: true, strictFileInteractability: false, timeouts: {implicit: 0, pageLoad: 300000, script: 30000}, unhandledPromptBehavior: dismiss and notify, userAgent: Mozilla/5.0 (Windows NT 10....}
Session ID: a624103a-dbd4-49ad-be22-41f0146fc786
	at java.base/jdk.internal.reflect.NativeConstructorAccessorImpl.newInstance0(Native Method)
	at java.base/jdk.internal.reflect.NativeConstructorAccessorImpl.newInstance(NativeConstructorAccessorImpl.java:77)
	at java.base/jdk.internal.reflect.DelegatingConstructorAccessorImpl.newInstance(DelegatingConstructorAccessorImpl.java:45)
	at java.base/java.lang.reflect.Constructor.newInstanceWithCaller(Constructor.java:499)
	at java.base/java.lang.reflect.Constructor.newInstance(Constructor.java:480)
	at org.openqa.selenium.remote.ErrorCodec.decode(ErrorCodec.java:167)
	at org.openqa.selenium.remote.codec.w3c.W3CHttpResponseCodec.decode(W3CHttpResponseCodec.java:138)
	at org.openqa.selenium.remote.codec.w3c.W3CHttpResponseCodec.decode(W3CHttpResponseCodec.java:50)
	at org.openqa.selenium.remote.HttpCommandExecutor.execute(HttpCommandExecutor.java:190)
	at org.openqa.selenium.remote.service.DriverCommandExecutor.invokeExecute(DriverCommandExecutor.java:216)
	at org.openqa.selenium.remote.service.DriverCommandExecutor.execute(DriverCommandExecutor.java:174)
	at org.openqa.selenium.remote.RemoteWebDriver.execute(RemoteWebDriver.java:527)
	at org.openqa.selenium.remote.RemoteWebDriver.get(RemoteWebDriver.java:302)
	at com.skillstorm.ViewAllItemsSteps.i_am_on_the_landing_page(ViewAllItemsSteps.java:32)
	at ✽.I am at the landing page(classpath:com/skillstorm/02-view-all-items.feature:7)
]]></error>
    <system-out><![CDATA[
Scenario: Displaying a list of all items                       &amp#27;[90m# com/skillstorm/02-view-all-items.feature:6&amp#27;[0m
  &amp#27;[31mGiven &amp#27;[0m&amp#27;[31mI am at the landing page&amp#27;[0m                               &amp#27;[90m# com.skillstorm.ViewAllItemsSteps.i_am_on_the_landing_page()&amp#27;[0m
      &amp#27;[31morg.openqa.selenium.WebDriverException: Reached error page: about:neterror?e=connectionFailure&u=http%3A//localhost%3A5173/&c=UTF-8&d=Firefox%20can%E2%80%99t%20establish%20a%20connection%20to%20the%20server%20at%20localhost%3A5173.
Build info: version: '4.23.0', revision: '4df0a231af'
System info: os.name: 'Windows 11', os.arch: 'amd64', os.version: '10.0', java.version: '17.0.11'
Driver info: org.openqa.selenium.firefox.FirefoxDriver
Command: [a624103a-dbd4-49ad-be22-41f0146fc786, get {url=http://localhost:5173}]
Capabilities {acceptInsecureCerts: true, browserName: firefox, browserVersion: 129.0.2, moz:accessibilityChecks: false, moz:buildID: 20240819150008, moz:debuggerAddress: 127.0.0.1:17662, moz:geckodriverVersion: 0.35.0, moz:headless: false, moz:platformVersion: 10.0, moz:processID: 35388, moz:profile: C:\Users\aldri\AppData\Loca..., moz:shutdownTimeout: 60000, moz:webdriverClick: true, moz:windowless: false, pageLoadStrategy: normal, platformName: windows, proxy: Proxy(), se:cdp: ws://127.0.0.1:17662/devtoo..., se:cdpVersion: 85.0, setWindowRect: true, strictFileInteractability: false, timeouts: {implicit: 0, pageLoad: 300000, script: 30000}, unhandledPromptBehavior: dismiss and notify, userAgent: Mozilla/5.0 (Windows NT 10....}
Session ID: a624103a-dbd4-49ad-be22-41f0146fc786
	at java.base/jdk.internal.reflect.NativeConstructorAccessorImpl.newInstance0(Native Method)
	at java.base/jdk.internal.reflect.NativeConstructorAccessorImpl.newInstance(NativeConstructorAccessorImpl.java:77)
	at java.base/jdk.internal.reflect.DelegatingConstructorAccessorImpl.newInstance(DelegatingConstructorAccessorImpl.java:45)
	at java.base/java.lang.reflect.Constructor.newInstanceWithCaller(Constructor.java:499)
	at java.base/java.lang.reflect.Constructor.newInstance(Constructor.java:480)
	at org.openqa.selenium.remote.ErrorCodec.decode(ErrorCodec.java:167)
	at org.openqa.selenium.remote.codec.w3c.W3CHttpResponseCodec.decode(W3CHttpResponseCodec.java:138)
	at org.openqa.selenium.remote.codec.w3c.W3CHttpResponseCodec.decode(W3CHttpResponseCodec.java:50)
	at org.openqa.selenium.remote.HttpCommandExecutor.execute(HttpCommandExecutor.java:190)
	at org.openqa.selenium.remote.service.DriverCommandExecutor.invokeExecute(DriverCommandExecutor.java:216)
	at org.openqa.selenium.remote.service.DriverCommandExecutor.execute(DriverCommandExecutor.java:174)
	at org.openqa.selenium.remote.RemoteWebDriver.execute(RemoteWebDriver.java:527)
	at org.openqa.selenium.remote.RemoteWebDriver.get(RemoteWebDriver.java:302)
	at com.skillstorm.ViewAllItemsSteps.i_am_on_the_landing_page(ViewAllItemsSteps.java:32)
	at âœ½.I am at the landing page(classpath:com/skillstorm/02-view-all-items.feature:7)
&amp#27;[0m
  &amp#27;[36mWhen &amp#27;[0m&amp#27;[36mI navigate to the items page&amp#27;[0m                            &amp#27;[90m# com.skillstorm.ViewAllItemsSteps.i_navigate_to_the_items_page()&amp#27;[0m
  &amp#27;[36mThen &amp#27;[0m&amp#27;[36mI should see a list of all items created&amp#27;[0m                &amp#27;[90m# com.skillstorm.ViewAllItemsSteps.i_should_see_a_list_of_all_items_created()&amp#27;[0m
  &amp#27;[36mAnd &amp#27;[0m&amp#27;[36meach item should display their id, name, and description&amp#27;[0m &amp#27;[90m# com.skillstorm.ViewAllItemsSteps.each_item_should_display_their_id_name_and_description()&amp#27;[0m
]]></system-out>
  </testcase>
  <testcase name="Displaying an empty list of all items" classname="View All Items" time="10.126">
    <error message="Reached error page: about:neterror?e=connectionFailure&amp;u=http%3A//localhost%3A5173/&amp;c=UTF-8&amp;d=Firefox%20can%E2%80%99t%20establish%20a%20connection%20to%20the%20server%20at%20localhost%3A5173.&#10;Build info: version: &apos;4.23.0&apos;, revision: &apos;4df0a231af&apos;&#10;System info: os.name: &apos;Windows 11&apos;, os.arch: &apos;amd64&apos;, os.version: &apos;10.0&apos;, java.version: &apos;17.0.11&apos;&#10;Driver info: org.openqa.selenium.firefox.FirefoxDriver&#10;Command: [94c4d713-15d2-482c-b704-d82220d39182, get {url=http://localhost:5173}]&#10;Capabilities {acceptInsecureCerts: true, browserName: firefox, browserVersion: 129.0.2, moz:accessibilityChecks: false, moz:buildID: 20240819150008, moz:debuggerAddress: 127.0.0.1:29085, moz:geckodriverVersion: 0.35.0, moz:headless: false, moz:platformVersion: 10.0, moz:processID: 36016, moz:profile: C:\Users\aldri\AppData\Loca..., moz:shutdownTimeout: 60000, moz:webdriverClick: true, moz:windowless: false, pageLoadStrategy: normal, platformName: windows, proxy: Proxy(), se:cdp: ws://127.0.0.1:29085/devtoo..., se:cdpVersion: 85.0, setWindowRect: true, strictFileInteractability: false, timeouts: {implicit: 0, pageLoad: 300000, script: 30000}, unhandledPromptBehavior: dismiss and notify, userAgent: Mozilla/5.0 (Windows NT 10....}&#10;Session ID: 94c4d713-15d2-482c-b704-d82220d39182" type="org.openqa.selenium.WebDriverException"><![CDATA[org.openqa.selenium.WebDriverException: 
Reached error page: about:neterror?e=connectionFailure&u=http%3A//localhost%3A5173/&c=UTF-8&d=Firefox%20can%E2%80%99t%20establish%20a%20connection%20to%20the%20server%20at%20localhost%3A5173.
Build info: version: '4.23.0', revision: '4df0a231af'
System info: os.name: 'Windows 11', os.arch: 'amd64', os.version: '10.0', java.version: '17.0.11'
Driver info: org.openqa.selenium.firefox.FirefoxDriver
Command: [94c4d713-15d2-482c-b704-d82220d39182, get {url=http://localhost:5173}]
Capabilities {acceptInsecureCerts: true, browserName: firefox, browserVersion: 129.0.2, moz:accessibilityChecks: false, moz:buildID: 20240819150008, moz:debuggerAddress: 127.0.0.1:29085, moz:geckodriverVersion: 0.35.0, moz:headless: false, moz:platformVersion: 10.0, moz:processID: 36016, moz:profile: C:\Users\aldri\AppData\Loca..., moz:shutdownTimeout: 60000, moz:webdriverClick: true, moz:windowless: false, pageLoadStrategy: normal, platformName: windows, proxy: Proxy(), se:cdp: ws://127.0.0.1:29085/devtoo..., se:cdpVersion: 85.0, setWindowRect: true, strictFileInteractability: false, timeouts: {implicit: 0, pageLoad: 300000, script: 30000}, unhandledPromptBehavior: dismiss and notify, userAgent: Mozilla/5.0 (Windows NT 10....}
Session ID: 94c4d713-15d2-482c-b704-d82220d39182
	at java.base/jdk.internal.reflect.NativeConstructorAccessorImpl.newInstance0(Native Method)
	at java.base/jdk.internal.reflect.NativeConstructorAccessorImpl.newInstance(NativeConstructorAccessorImpl.java:77)
	at java.base/jdk.internal.reflect.DelegatingConstructorAccessorImpl.newInstance(DelegatingConstructorAccessorImpl.java:45)
	at java.base/java.lang.reflect.Constructor.newInstanceWithCaller(Constructor.java:499)
	at java.base/java.lang.reflect.Constructor.newInstance(Constructor.java:480)
	at org.openqa.selenium.remote.ErrorCodec.decode(ErrorCodec.java:167)
	at org.openqa.selenium.remote.codec.w3c.W3CHttpResponseCodec.decode(W3CHttpResponseCodec.java:138)
	at org.openqa.selenium.remote.codec.w3c.W3CHttpResponseCodec.decode(W3CHttpResponseCodec.java:50)
	at org.openqa.selenium.remote.HttpCommandExecutor.execute(HttpCommandExecutor.java:190)
	at org.openqa.selenium.remote.service.DriverCommandExecutor.invokeExecute(DriverCommandExecutor.java:216)
	at org.openqa.selenium.remote.service.DriverCommandExecutor.execute(DriverCommandExecutor.java:174)
	at org.openqa.selenium.remote.RemoteWebDriver.execute(RemoteWebDriver.java:527)
	at org.openqa.selenium.remote.RemoteWebDriver.get(RemoteWebDriver.java:302)
	at com.skillstorm.ViewAllItemsSteps.i_am_on_the_landing_page(ViewAllItemsSteps.java:32)
	at ✽.I am at the landing page(classpath:com/skillstorm/02-view-all-items.feature:14)
]]></error>
    <system-out><![CDATA[
Scenario: Displaying an empty list of all items    &amp#27;[90m# com/skillstorm/02-view-all-items.feature:13&amp#27;[0m
  &amp#27;[31mGiven &amp#27;[0m&amp#27;[31mI am at the landing page&amp#27;[0m                   &amp#27;[90m# com.skillstorm.ViewAllItemsSteps.i_am_on_the_landing_page()&amp#27;[0m
      &amp#27;[31morg.openqa.selenium.WebDriverException: Reached error page: about:neterror?e=connectionFailure&u=http%3A//localhost%3A5173/&c=UTF-8&d=Firefox%20can%E2%80%99t%20establish%20a%20connection%20to%20the%20server%20at%20localhost%3A5173.
Build info: version: '4.23.0', revision: '4df0a231af'
System info: os.name: 'Windows 11', os.arch: 'amd64', os.version: '10.0', java.version: '17.0.11'
Driver info: org.openqa.selenium.firefox.FirefoxDriver
Command: [94c4d713-15d2-482c-b704-d82220d39182, get {url=http://localhost:5173}]
Capabilities {acceptInsecureCerts: true, browserName: firefox, browserVersion: 129.0.2, moz:accessibilityChecks: false, moz:buildID: 20240819150008, moz:debuggerAddress: 127.0.0.1:29085, moz:geckodriverVersion: 0.35.0, moz:headless: false, moz:platformVersion: 10.0, moz:processID: 36016, moz:profile: C:\Users\aldri\AppData\Loca..., moz:shutdownTimeout: 60000, moz:webdriverClick: true, moz:windowless: false, pageLoadStrategy: normal, platformName: windows, proxy: Proxy(), se:cdp: ws://127.0.0.1:29085/devtoo..., se:cdpVersion: 85.0, setWindowRect: true, strictFileInteractability: false, timeouts: {implicit: 0, pageLoad: 300000, script: 30000}, unhandledPromptBehavior: dismiss and notify, userAgent: Mozilla/5.0 (Windows NT 10....}
Session ID: 94c4d713-15d2-482c-b704-d82220d39182
	at java.base/jdk.internal.reflect.NativeConstructorAccessorImpl.newInstance0(Native Method)
	at java.base/jdk.internal.reflect.NativeConstructorAccessorImpl.newInstance(NativeConstructorAccessorImpl.java:77)
	at java.base/jdk.internal.reflect.DelegatingConstructorAccessorImpl.newInstance(DelegatingConstructorAccessorImpl.java:45)
	at java.base/java.lang.reflect.Constructor.newInstanceWithCaller(Constructor.java:499)
	at java.base/java.lang.reflect.Constructor.newInstance(Constructor.java:480)
	at org.openqa.selenium.remote.ErrorCodec.decode(ErrorCodec.java:167)
	at org.openqa.selenium.remote.codec.w3c.W3CHttpResponseCodec.decode(W3CHttpResponseCodec.java:138)
	at org.openqa.selenium.remote.codec.w3c.W3CHttpResponseCodec.decode(W3CHttpResponseCodec.java:50)
	at org.openqa.selenium.remote.HttpCommandExecutor.execute(HttpCommandExecutor.java:190)
	at org.openqa.selenium.remote.service.DriverCommandExecutor.invokeExecute(DriverCommandExecutor.java:216)
	at org.openqa.selenium.remote.service.DriverCommandExecutor.execute(DriverCommandExecutor.java:174)
	at org.openqa.selenium.remote.RemoteWebDriver.execute(RemoteWebDriver.java:527)
	at org.openqa.selenium.remote.RemoteWebDriver.get(RemoteWebDriver.java:302)
	at com.skillstorm.ViewAllItemsSteps.i_am_on_the_landing_page(ViewAllItemsSteps.java:32)
	at âœ½.I am at the landing page(classpath:com/skillstorm/02-view-all-items.feature:14)
&amp#27;[0m
  &amp#27;[36mWhen &amp#27;[0m&amp#27;[36mI navigate to the items page&amp#27;[0m                &amp#27;[90m# com.skillstorm.ViewAllItemsSteps.i_navigate_to_the_items_page()&amp#27;[0m
  &amp#27;[36mAnd &amp#27;[0m&amp#27;[36mthere is no current items existing&amp#27;[0m           &amp#27;[90m# com.skillstorm.ViewAllItemsSteps.there_is_no_current_items_existing()&amp#27;[0m
  &amp#27;[36mThen &amp#27;[0m&amp#27;[36mI should see an empty list of items created&amp#27;[0m &amp#27;[90m# com.skillstorm.ViewAllItemsSteps.i_should_see_an_empty_list_of_items_created()&amp#27;[0m
]]></system-out>
  </testcase>
  <testcase name="Display inventory update" classname="Update Inventory" time="9.45">
    <error message="Reached error page: about:neterror?e=connectionFailure&amp;u=http%3A//localhost%3A5173/warehouses&amp;c=UTF-8&amp;d=Firefox%20can%E2%80%99t%20establish%20a%20connection%20to%20the%20server%20at%20localhost%3A5173.&#10;Build info: version: &apos;4.23.0&apos;, revision: &apos;4df0a231af&apos;&#10;System info: os.name: &apos;Windows 11&apos;, os.arch: &apos;amd64&apos;, os.version: &apos;10.0&apos;, java.version: &apos;17.0.11&apos;&#10;Driver info: org.openqa.selenium.firefox.FirefoxDriver&#10;Command: [d257def6-067f-4d2d-9f3c-d8548e3762f1, get {url=http://localhost:5173/warehouses}]&#10;Capabilities {acceptInsecureCerts: true, browserName: firefox, browserVersion: 129.0.2, moz:accessibilityChecks: false, moz:buildID: 20240819150008, moz:debuggerAddress: 127.0.0.1:46950, moz:geckodriverVersion: 0.35.0, moz:headless: false, moz:platformVersion: 10.0, moz:processID: 14988, moz:profile: C:\Users\aldri\AppData\Loca..., moz:shutdownTimeout: 60000, moz:webdriverClick: true, moz:windowless: false, pageLoadStrategy: normal, platformName: windows, proxy: Proxy(), se:cdp: ws://127.0.0.1:46950/devtoo..., se:cdpVersion: 85.0, setWindowRect: true, strictFileInteractability: false, timeouts: {implicit: 0, pageLoad: 300000, script: 30000}, unhandledPromptBehavior: dismiss and notify, userAgent: Mozilla/5.0 (Windows NT 10....}&#10;Session ID: d257def6-067f-4d2d-9f3c-d8548e3762f1" type="org.openqa.selenium.WebDriverException"><![CDATA[org.openqa.selenium.WebDriverException: 
Reached error page: about:neterror?e=connectionFailure&u=http%3A//localhost%3A5173/warehouses&c=UTF-8&d=Firefox%20can%E2%80%99t%20establish%20a%20connection%20to%20the%20server%20at%20localhost%3A5173.
Build info: version: '4.23.0', revision: '4df0a231af'
System info: os.name: 'Windows 11', os.arch: 'amd64', os.version: '10.0', java.version: '17.0.11'
Driver info: org.openqa.selenium.firefox.FirefoxDriver
Command: [d257def6-067f-4d2d-9f3c-d8548e3762f1, get {url=http://localhost:5173/warehouses}]
Capabilities {acceptInsecureCerts: true, browserName: firefox, browserVersion: 129.0.2, moz:accessibilityChecks: false, moz:buildID: 20240819150008, moz:debuggerAddress: 127.0.0.1:46950, moz:geckodriverVersion: 0.35.0, moz:headless: false, moz:platformVersion: 10.0, moz:processID: 14988, moz:profile: C:\Users\aldri\AppData\Loca..., moz:shutdownTimeout: 60000, moz:webdriverClick: true, moz:windowless: false, pageLoadStrategy: normal, platformName: windows, proxy: Proxy(), se:cdp: ws://127.0.0.1:46950/devtoo..., se:cdpVersion: 85.0, setWindowRect: true, strictFileInteractability: false, timeouts: {implicit: 0, pageLoad: 300000, script: 30000}, unhandledPromptBehavior: dismiss and notify, userAgent: Mozilla/5.0 (Windows NT 10....}
Session ID: d257def6-067f-4d2d-9f3c-d8548e3762f1
	at java.base/jdk.internal.reflect.NativeConstructorAccessorImpl.newInstance0(Native Method)
	at java.base/jdk.internal.reflect.NativeConstructorAccessorImpl.newInstance(NativeConstructorAccessorImpl.java:77)
	at java.base/jdk.internal.reflect.DelegatingConstructorAccessorImpl.newInstance(DelegatingConstructorAccessorImpl.java:45)
	at java.base/java.lang.reflect.Constructor.newInstanceWithCaller(Constructor.java:499)
	at java.base/java.lang.reflect.Constructor.newInstance(Constructor.java:480)
	at org.openqa.selenium.remote.ErrorCodec.decode(ErrorCodec.java:167)
	at org.openqa.selenium.remote.codec.w3c.W3CHttpResponseCodec.decode(W3CHttpResponseCodec.java:138)
	at org.openqa.selenium.remote.codec.w3c.W3CHttpResponseCodec.decode(W3CHttpResponseCodec.java:50)
	at org.openqa.selenium.remote.HttpCommandExecutor.execute(HttpCommandExecutor.java:190)
	at org.openqa.selenium.remote.service.DriverCommandExecutor.invokeExecute(DriverCommandExecutor.java:216)
	at org.openqa.selenium.remote.service.DriverCommandExecutor.execute(DriverCommandExecutor.java:174)
	at org.openqa.selenium.remote.RemoteWebDriver.execute(RemoteWebDriver.java:527)
	at org.openqa.selenium.remote.RemoteWebDriver.get(RemoteWebDriver.java:302)
	at com.skillstorm.updateitemSteps.i_am_on_the_warehouses_page(updateitemSteps.java:35)
	at ✽.I am on the Warehouses page(classpath:com/skillstorm/03-update_item.feature:7)
]]></error>
    <system-out><![CDATA[
Scenario: Display inventory update                      &amp#27;[90m# com/skillstorm/03-update_item.feature:6&amp#27;[0m
  &amp#27;[31mGiven &amp#27;[0m&amp#27;[31mI am on the Warehouses page&amp#27;[0m                     &amp#27;[90m# com.skillstorm.updateitemSteps.i_am_on_the_warehouses_page()&amp#27;[0m
      &amp#27;[31morg.openqa.selenium.WebDriverException: Reached error page: about:neterror?e=connectionFailure&u=http%3A//localhost%3A5173/warehouses&c=UTF-8&d=Firefox%20can%E2%80%99t%20establish%20a%20connection%20to%20the%20server%20at%20localhost%3A5173.
Build info: version: '4.23.0', revision: '4df0a231af'
System info: os.name: 'Windows 11', os.arch: 'amd64', os.version: '10.0', java.version: '17.0.11'
Driver info: org.openqa.selenium.firefox.FirefoxDriver
Command: [d257def6-067f-4d2d-9f3c-d8548e3762f1, get {url=http://localhost:5173/warehouses}]
Capabilities {acceptInsecureCerts: true, browserName: firefox, browserVersion: 129.0.2, moz:accessibilityChecks: false, moz:buildID: 20240819150008, moz:debuggerAddress: 127.0.0.1:46950, moz:geckodriverVersion: 0.35.0, moz:headless: false, moz:platformVersion: 10.0, moz:processID: 14988, moz:profile: C:\Users\aldri\AppData\Loca..., moz:shutdownTimeout: 60000, moz:webdriverClick: true, moz:windowless: false, pageLoadStrategy: normal, platformName: windows, proxy: Proxy(), se:cdp: ws://127.0.0.1:46950/devtoo..., se:cdpVersion: 85.0, setWindowRect: true, strictFileInteractability: false, timeouts: {implicit: 0, pageLoad: 300000, script: 30000}, unhandledPromptBehavior: dismiss and notify, userAgent: Mozilla/5.0 (Windows NT 10....}
Session ID: d257def6-067f-4d2d-9f3c-d8548e3762f1
	at java.base/jdk.internal.reflect.NativeConstructorAccessorImpl.newInstance0(Native Method)
	at java.base/jdk.internal.reflect.NativeConstructorAccessorImpl.newInstance(NativeConstructorAccessorImpl.java:77)
	at java.base/jdk.internal.reflect.DelegatingConstructorAccessorImpl.newInstance(DelegatingConstructorAccessorImpl.java:45)
	at java.base/java.lang.reflect.Constructor.newInstanceWithCaller(Constructor.java:499)
	at java.base/java.lang.reflect.Constructor.newInstance(Constructor.java:480)
	at org.openqa.selenium.remote.ErrorCodec.decode(ErrorCodec.java:167)
	at org.openqa.selenium.remote.codec.w3c.W3CHttpResponseCodec.decode(W3CHttpResponseCodec.java:138)
	at org.openqa.selenium.remote.codec.w3c.W3CHttpResponseCodec.decode(W3CHttpResponseCodec.java:50)
	at org.openqa.selenium.remote.HttpCommandExecutor.execute(HttpCommandExecutor.java:190)
	at org.openqa.selenium.remote.service.DriverCommandExecutor.invokeExecute(DriverCommandExecutor.java:216)
	at org.openqa.selenium.remote.service.DriverCommandExecutor.execute(DriverCommandExecutor.java:174)
	at org.openqa.selenium.remote.RemoteWebDriver.execute(RemoteWebDriver.java:527)
	at org.openqa.selenium.remote.RemoteWebDriver.get(RemoteWebDriver.java:302)
	at com.skillstorm.updateitemSteps.i_am_on_the_warehouses_page(updateitemSteps.java:35)
	at âœ½.I am on the Warehouses page(classpath:com/skillstorm/03-update_item.feature:7)
&amp#27;[0m
  &amp#27;[36mAnd &amp#27;[0m&amp#27;[36mI expand a warehouse's details&amp#27;[0m                    &amp#27;[90m# com.skillstorm.updateitemSteps.i_expand_a_warehouse_s_details()&amp#27;[0m
  &amp#27;[36mWhen &amp#27;[0m&amp#27;[36mI click to edit an item&amp#27;[0m                          &amp#27;[90m# com.skillstorm.updateitemSteps.i_click_to_edit_an_item()&amp#27;[0m
  &amp#27;[36mThen &amp#27;[0m&amp#27;[36ma window should display the item Id and quantity&amp#27;[0m &amp#27;[90m# com.skillstorm.updateitemSteps.a_window_should_display_the_item_name_and_quantity()&amp#27;[0m
]]></system-out>
  </testcase>
  <testcase name="Successfully update the inventory item ID and amount" classname="Update Inventory" time="9.798">
    <error message="Reached error page: about:neterror?e=connectionFailure&amp;u=http%3A//localhost%3A5173/warehouses&amp;c=UTF-8&amp;d=Firefox%20can%E2%80%99t%20establish%20a%20connection%20to%20the%20server%20at%20localhost%3A5173.&#10;Build info: version: &apos;4.23.0&apos;, revision: &apos;4df0a231af&apos;&#10;System info: os.name: &apos;Windows 11&apos;, os.arch: &apos;amd64&apos;, os.version: &apos;10.0&apos;, java.version: &apos;17.0.11&apos;&#10;Driver info: org.openqa.selenium.firefox.FirefoxDriver&#10;Command: [9feab25b-dac0-4f04-859e-c7e906bad047, get {url=http://localhost:5173/warehouses}]&#10;Capabilities {acceptInsecureCerts: true, browserName: firefox, browserVersion: 129.0.2, moz:accessibilityChecks: false, moz:buildID: 20240819150008, moz:debuggerAddress: 127.0.0.1:45464, moz:geckodriverVersion: 0.35.0, moz:headless: false, moz:platformVersion: 10.0, moz:processID: 47960, moz:profile: C:\Users\aldri\AppData\Loca..., moz:shutdownTimeout: 60000, moz:webdriverClick: true, moz:windowless: false, pageLoadStrategy: normal, platformName: windows, proxy: Proxy(), se:cdp: ws://127.0.0.1:45464/devtoo..., se:cdpVersion: 85.0, setWindowRect: true, strictFileInteractability: false, timeouts: {implicit: 0, pageLoad: 300000, script: 30000}, unhandledPromptBehavior: dismiss and notify, userAgent: Mozilla/5.0 (Windows NT 10....}&#10;Session ID: 9feab25b-dac0-4f04-859e-c7e906bad047" type="org.openqa.selenium.WebDriverException"><![CDATA[org.openqa.selenium.WebDriverException: 
Reached error page: about:neterror?e=connectionFailure&u=http%3A//localhost%3A5173/warehouses&c=UTF-8&d=Firefox%20can%E2%80%99t%20establish%20a%20connection%20to%20the%20server%20at%20localhost%3A5173.
Build info: version: '4.23.0', revision: '4df0a231af'
System info: os.name: 'Windows 11', os.arch: 'amd64', os.version: '10.0', java.version: '17.0.11'
Driver info: org.openqa.selenium.firefox.FirefoxDriver
Command: [9feab25b-dac0-4f04-859e-c7e906bad047, get {url=http://localhost:5173/warehouses}]
Capabilities {acceptInsecureCerts: true, browserName: firefox, browserVersion: 129.0.2, moz:accessibilityChecks: false, moz:buildID: 20240819150008, moz:debuggerAddress: 127.0.0.1:45464, moz:geckodriverVersion: 0.35.0, moz:headless: false, moz:platformVersion: 10.0, moz:processID: 47960, moz:profile: C:\Users\aldri\AppData\Loca..., moz:shutdownTimeout: 60000, moz:webdriverClick: true, moz:windowless: false, pageLoadStrategy: normal, platformName: windows, proxy: Proxy(), se:cdp: ws://127.0.0.1:45464/devtoo..., se:cdpVersion: 85.0, setWindowRect: true, strictFileInteractability: false, timeouts: {implicit: 0, pageLoad: 300000, script: 30000}, unhandledPromptBehavior: dismiss and notify, userAgent: Mozilla/5.0 (Windows NT 10....}
Session ID: 9feab25b-dac0-4f04-859e-c7e906bad047
	at java.base/jdk.internal.reflect.NativeConstructorAccessorImpl.newInstance0(Native Method)
	at java.base/jdk.internal.reflect.NativeConstructorAccessorImpl.newInstance(NativeConstructorAccessorImpl.java:77)
	at java.base/jdk.internal.reflect.DelegatingConstructorAccessorImpl.newInstance(DelegatingConstructorAccessorImpl.java:45)
	at java.base/java.lang.reflect.Constructor.newInstanceWithCaller(Constructor.java:499)
	at java.base/java.lang.reflect.Constructor.newInstance(Constructor.java:480)
	at org.openqa.selenium.remote.ErrorCodec.decode(ErrorCodec.java:167)
	at org.openqa.selenium.remote.codec.w3c.W3CHttpResponseCodec.decode(W3CHttpResponseCodec.java:138)
	at org.openqa.selenium.remote.codec.w3c.W3CHttpResponseCodec.decode(W3CHttpResponseCodec.java:50)
	at org.openqa.selenium.remote.HttpCommandExecutor.execute(HttpCommandExecutor.java:190)
	at org.openqa.selenium.remote.service.DriverCommandExecutor.invokeExecute(DriverCommandExecutor.java:216)
	at org.openqa.selenium.remote.service.DriverCommandExecutor.execute(DriverCommandExecutor.java:174)
	at org.openqa.selenium.remote.RemoteWebDriver.execute(RemoteWebDriver.java:527)
	at org.openqa.selenium.remote.RemoteWebDriver.get(RemoteWebDriver.java:302)
	at com.skillstorm.updateitemSteps.i_am_on_the_warehouse_page(updateitemSteps.java:62)
	at ✽.I am on the Warehouse page(classpath:com/skillstorm/03-update_item.feature:15)
]]></error>
    <system-out><![CDATA[
Scenario: Successfully update the inventory item ID and amount &amp#27;[90m# com/skillstorm/03-update_item.feature:14&amp#27;[0m
  &amp#27;[31mGiven &amp#27;[0m&amp#27;[31mI am on the Warehouse page&amp#27;[0m                             &amp#27;[90m# com.skillstorm.updateitemSteps.i_am_on_the_warehouse_page()&amp#27;[0m
      &amp#27;[31morg.openqa.selenium.WebDriverException: Reached error page: about:neterror?e=connectionFailure&u=http%3A//localhost%3A5173/warehouses&c=UTF-8&d=Firefox%20can%E2%80%99t%20establish%20a%20connection%20to%20the%20server%20at%20localhost%3A5173.
Build info: version: '4.23.0', revision: '4df0a231af'
System info: os.name: 'Windows 11', os.arch: 'amd64', os.version: '10.0', java.version: '17.0.11'
Driver info: org.openqa.selenium.firefox.FirefoxDriver
Command: [9feab25b-dac0-4f04-859e-c7e906bad047, get {url=http://localhost:5173/warehouses}]
Capabilities {acceptInsecureCerts: true, browserName: firefox, browserVersion: 129.0.2, moz:accessibilityChecks: false, moz:buildID: 20240819150008, moz:debuggerAddress: 127.0.0.1:45464, moz:geckodriverVersion: 0.35.0, moz:headless: false, moz:platformVersion: 10.0, moz:processID: 47960, moz:profile: C:\Users\aldri\AppData\Loca..., moz:shutdownTimeout: 60000, moz:webdriverClick: true, moz:windowless: false, pageLoadStrategy: normal, platformName: windows, proxy: Proxy(), se:cdp: ws://127.0.0.1:45464/devtoo..., se:cdpVersion: 85.0, setWindowRect: true, strictFileInteractability: false, timeouts: {implicit: 0, pageLoad: 300000, script: 30000}, unhandledPromptBehavior: dismiss and notify, userAgent: Mozilla/5.0 (Windows NT 10....}
Session ID: 9feab25b-dac0-4f04-859e-c7e906bad047
	at java.base/jdk.internal.reflect.NativeConstructorAccessorImpl.newInstance0(Native Method)
	at java.base/jdk.internal.reflect.NativeConstructorAccessorImpl.newInstance(NativeConstructorAccessorImpl.java:77)
	at java.base/jdk.internal.reflect.DelegatingConstructorAccessorImpl.newInstance(DelegatingConstructorAccessorImpl.java:45)
	at java.base/java.lang.reflect.Constructor.newInstanceWithCaller(Constructor.java:499)
	at java.base/java.lang.reflect.Constructor.newInstance(Constructor.java:480)
	at org.openqa.selenium.remote.ErrorCodec.decode(ErrorCodec.java:167)
	at org.openqa.selenium.remote.codec.w3c.W3CHttpResponseCodec.decode(W3CHttpResponseCodec.java:138)
	at org.openqa.selenium.remote.codec.w3c.W3CHttpResponseCodec.decode(W3CHttpResponseCodec.java:50)
	at org.openqa.selenium.remote.HttpCommandExecutor.execute(HttpCommandExecutor.java:190)
	at org.openqa.selenium.remote.service.DriverCommandExecutor.invokeExecute(DriverCommandExecutor.java:216)
	at org.openqa.selenium.remote.service.DriverCommandExecutor.execute(DriverCommandExecutor.java:174)
	at org.openqa.selenium.remote.RemoteWebDriver.execute(RemoteWebDriver.java:527)
	at org.openqa.selenium.remote.RemoteWebDriver.get(RemoteWebDriver.java:302)
	at com.skillstorm.updateitemSteps.i_am_on_the_warehouse_page(updateitemSteps.java:62)
	at âœ½.I am on the Warehouse page(classpath:com/skillstorm/03-update_item.feature:15)
&amp#27;[0m
  &amp#27;[36mAnd &amp#27;[0m&amp#27;[36mI expand the details for warehouse &amp#27;[0m&amp#27;[36m&amp#27;[1m"Woodshop"&amp#27;[0m            &amp#27;[90m# com.skillstorm.updateitemSteps.i_expand_the_details_for_warehouse(java.lang.String)&amp#27;[0m
  &amp#27;[36mAnd &amp#27;[0m&amp#27;[36mI click to edit item named &amp#27;[0m&amp#27;[36m&amp#27;[1m"Oak Wood"&amp#27;[0m                    &amp#27;[90m# com.skillstorm.updateitemSteps.i_click_to_edit_item_named(java.lang.String)&amp#27;[0m
  &amp#27;[36mWhen &amp#27;[0m&amp#27;[36mI change the inventory item Id to &amp#27;[0m&amp#27;[36m&amp#27;[1m"5"&amp#27;[0m                   &amp#27;[90m# com.skillstorm.updateitemSteps.i_change_the_inventory_item_id_to(java.lang.String)&amp#27;[0m
  &amp#27;[36mAnd &amp#27;[0m&amp#27;[36mI change the quantity to &amp#27;[0m&amp#27;[36m&amp#27;[1m"25"&amp#27;[0m                            &amp#27;[90m# com.skillstorm.updateitemSteps.i_change_the_quantity_to(java.lang.String)&amp#27;[0m
  &amp#27;[36mAnd &amp#27;[0m&amp#27;[36mI click the submit button&amp#27;[0m                                &amp#27;[90m# com.skillstorm.updateitemSteps.i_click_the_submit_button()&amp#27;[0m
  &amp#27;[36mThen &amp#27;[0m&amp#27;[36mthe update should be successful&amp#27;[0m                         &amp#27;[90m# com.skillstorm.updateitemSteps.the_update_should_be_successful()&amp#27;[0m
  &amp#27;[36mAnd &amp#27;[0m&amp#27;[36mthe item name should be updated to &amp#27;[0m&amp#27;[36m&amp#27;[1m"Iron Ore"&amp#27;[0m            &amp#27;[90m# com.skillstorm.updateitemSteps.the_item_name_should_be_updated_to(java.lang.String)&amp#27;[0m
  &amp#27;[36mAnd &amp#27;[0m&amp#27;[36mthe amount should be updated to &amp#27;[0m&amp#27;[36m&amp#27;[1m"25"&amp#27;[0m                     &amp#27;[90m# com.skillstorm.updateitemSteps.the_amount_should_be_updated_to(java.lang.String)&amp#27;[0m
]]></system-out>
  </testcase>
  <testcase name="Handling an invalid quantity" classname="Update Inventory" time="10.093">
    <error message="Reached error page: about:neterror?e=connectionFailure&amp;u=http%3A//localhost%3A5173/warehouses&amp;c=UTF-8&amp;d=Firefox%20can%E2%80%99t%20establish%20a%20connection%20to%20the%20server%20at%20localhost%3A5173.&#10;Build info: version: &apos;4.23.0&apos;, revision: &apos;4df0a231af&apos;&#10;System info: os.name: &apos;Windows 11&apos;, os.arch: &apos;amd64&apos;, os.version: &apos;10.0&apos;, java.version: &apos;17.0.11&apos;&#10;Driver info: org.openqa.selenium.firefox.FirefoxDriver&#10;Command: [0756ffdf-f56b-4150-8f3a-a59af10f3ce3, get {url=http://localhost:5173/warehouses}]&#10;Capabilities {acceptInsecureCerts: true, browserName: firefox, browserVersion: 129.0.2, moz:accessibilityChecks: false, moz:buildID: 20240819150008, moz:debuggerAddress: 127.0.0.1:36426, moz:geckodriverVersion: 0.35.0, moz:headless: false, moz:platformVersion: 10.0, moz:processID: 16960, moz:profile: C:\Users\aldri\AppData\Loca..., moz:shutdownTimeout: 60000, moz:webdriverClick: true, moz:windowless: false, pageLoadStrategy: normal, platformName: windows, proxy: Proxy(), se:cdp: ws://127.0.0.1:36426/devtoo..., se:cdpVersion: 85.0, setWindowRect: true, strictFileInteractability: false, timeouts: {implicit: 0, pageLoad: 300000, script: 30000}, unhandledPromptBehavior: dismiss and notify, userAgent: Mozilla/5.0 (Windows NT 10....}&#10;Session ID: 0756ffdf-f56b-4150-8f3a-a59af10f3ce3" type="org.openqa.selenium.WebDriverException"><![CDATA[org.openqa.selenium.WebDriverException: 
Reached error page: about:neterror?e=connectionFailure&u=http%3A//localhost%3A5173/warehouses&c=UTF-8&d=Firefox%20can%E2%80%99t%20establish%20a%20connection%20to%20the%20server%20at%20localhost%3A5173.
Build info: version: '4.23.0', revision: '4df0a231af'
System info: os.name: 'Windows 11', os.arch: 'amd64', os.version: '10.0', java.version: '17.0.11'
Driver info: org.openqa.selenium.firefox.FirefoxDriver
Command: [0756ffdf-f56b-4150-8f3a-a59af10f3ce3, get {url=http://localhost:5173/warehouses}]
Capabilities {acceptInsecureCerts: true, browserName: firefox, browserVersion: 129.0.2, moz:accessibilityChecks: false, moz:buildID: 20240819150008, moz:debuggerAddress: 127.0.0.1:36426, moz:geckodriverVersion: 0.35.0, moz:headless: false, moz:platformVersion: 10.0, moz:processID: 16960, moz:profile: C:\Users\aldri\AppData\Loca..., moz:shutdownTimeout: 60000, moz:webdriverClick: true, moz:windowless: false, pageLoadStrategy: normal, platformName: windows, proxy: Proxy(), se:cdp: ws://127.0.0.1:36426/devtoo..., se:cdpVersion: 85.0, setWindowRect: true, strictFileInteractability: false, timeouts: {implicit: 0, pageLoad: 300000, script: 30000}, unhandledPromptBehavior: dismiss and notify, userAgent: Mozilla/5.0 (Windows NT 10....}
Session ID: 0756ffdf-f56b-4150-8f3a-a59af10f3ce3
	at java.base/jdk.internal.reflect.NativeConstructorAccessorImpl.newInstance0(Native Method)
	at java.base/jdk.internal.reflect.NativeConstructorAccessorImpl.newInstance(NativeConstructorAccessorImpl.java:77)
	at java.base/jdk.internal.reflect.DelegatingConstructorAccessorImpl.newInstance(DelegatingConstructorAccessorImpl.java:45)
	at java.base/java.lang.reflect.Constructor.newInstanceWithCaller(Constructor.java:499)
	at java.base/java.lang.reflect.Constructor.newInstance(Constructor.java:480)
	at org.openqa.selenium.remote.ErrorCodec.decode(ErrorCodec.java:167)
	at org.openqa.selenium.remote.codec.w3c.W3CHttpResponseCodec.decode(W3CHttpResponseCodec.java:138)
	at org.openqa.selenium.remote.codec.w3c.W3CHttpResponseCodec.decode(W3CHttpResponseCodec.java:50)
	at org.openqa.selenium.remote.HttpCommandExecutor.execute(HttpCommandExecutor.java:190)
	at org.openqa.selenium.remote.service.DriverCommandExecutor.invokeExecute(DriverCommandExecutor.java:216)
	at org.openqa.selenium.remote.service.DriverCommandExecutor.execute(DriverCommandExecutor.java:174)
	at org.openqa.selenium.remote.RemoteWebDriver.execute(RemoteWebDriver.java:527)
	at org.openqa.selenium.remote.RemoteWebDriver.get(RemoteWebDriver.java:302)
	at com.skillstorm.updateitemSteps.i_am_on_the_warehouses_page(updateitemSteps.java:35)
	at ✽.I am on the Warehouses page(classpath:com/skillstorm/03-update_item.feature:26)
]]></error>
    <system-out><![CDATA[
Scenario: Handling an invalid quantity                                 &amp#27;[90m# com/skillstorm/03-update_item.feature:25&amp#27;[0m
  &amp#27;[31mGiven &amp#27;[0m&amp#27;[31mI am on the Warehouses page&amp#27;[0m                                    &amp#27;[90m# com.skillstorm.updateitemSteps.i_am_on_the_warehouses_page()&amp#27;[0m
      &amp#27;[31morg.openqa.selenium.WebDriverException: Reached error page: about:neterror?e=connectionFailure&u=http%3A//localhost%3A5173/warehouses&c=UTF-8&d=Firefox%20can%E2%80%99t%20establish%20a%20connection%20to%20the%20server%20at%20localhost%3A5173.
Build info: version: '4.23.0', revision: '4df0a231af'
System info: os.name: 'Windows 11', os.arch: 'amd64', os.version: '10.0', java.version: '17.0.11'
Driver info: org.openqa.selenium.firefox.FirefoxDriver
Command: [0756ffdf-f56b-4150-8f3a-a59af10f3ce3, get {url=http://localhost:5173/warehouses}]
Capabilities {acceptInsecureCerts: true, browserName: firefox, browserVersion: 129.0.2, moz:accessibilityChecks: false, moz:buildID: 20240819150008, moz:debuggerAddress: 127.0.0.1:36426, moz:geckodriverVersion: 0.35.0, moz:headless: false, moz:platformVersion: 10.0, moz:processID: 16960, moz:profile: C:\Users\aldri\AppData\Loca..., moz:shutdownTimeout: 60000, moz:webdriverClick: true, moz:windowless: false, pageLoadStrategy: normal, platformName: windows, proxy: Proxy(), se:cdp: ws://127.0.0.1:36426/devtoo..., se:cdpVersion: 85.0, setWindowRect: true, strictFileInteractability: false, timeouts: {implicit: 0, pageLoad: 300000, script: 30000}, unhandledPromptBehavior: dismiss and notify, userAgent: Mozilla/5.0 (Windows NT 10....}
Session ID: 0756ffdf-f56b-4150-8f3a-a59af10f3ce3
	at java.base/jdk.internal.reflect.NativeConstructorAccessorImpl.newInstance0(Native Method)
	at java.base/jdk.internal.reflect.NativeConstructorAccessorImpl.newInstance(NativeConstructorAccessorImpl.java:77)
	at java.base/jdk.internal.reflect.DelegatingConstructorAccessorImpl.newInstance(DelegatingConstructorAccessorImpl.java:45)
	at java.base/java.lang.reflect.Constructor.newInstanceWithCaller(Constructor.java:499)
	at java.base/java.lang.reflect.Constructor.newInstance(Constructor.java:480)
	at org.openqa.selenium.remote.ErrorCodec.decode(ErrorCodec.java:167)
	at org.openqa.selenium.remote.codec.w3c.W3CHttpResponseCodec.decode(W3CHttpResponseCodec.java:138)
	at org.openqa.selenium.remote.codec.w3c.W3CHttpResponseCodec.decode(W3CHttpResponseCodec.java:50)
	at org.openqa.selenium.remote.HttpCommandExecutor.execute(HttpCommandExecutor.java:190)
	at org.openqa.selenium.remote.service.DriverCommandExecutor.invokeExecute(DriverCommandExecutor.java:216)
	at org.openqa.selenium.remote.service.DriverCommandExecutor.execute(DriverCommandExecutor.java:174)
	at org.openqa.selenium.remote.RemoteWebDriver.execute(RemoteWebDriver.java:527)
	at org.openqa.selenium.remote.RemoteWebDriver.get(RemoteWebDriver.java:302)
	at com.skillstorm.updateitemSteps.i_am_on_the_warehouses_page(updateitemSteps.java:35)
	at âœ½.I am on the Warehouses page(classpath:com/skillstorm/03-update_item.feature:26)
&amp#27;[0m
  &amp#27;[36mAnd &amp#27;[0m&amp#27;[36mI expand the details for warehouse &amp#27;[0m&amp#27;[36m&amp#27;[1m"Wood Shop"&amp#27;[0m                   &amp#27;[90m# com.skillstorm.updateitemSteps.i_expand_the_details_for_warehouse(java.lang.String)&amp#27;[0m
  &amp#27;[36mAnd &amp#27;[0m&amp#27;[36mI click to edit item named &amp#27;[0m&amp#27;[36m&amp#27;[1m"Wood"&amp#27;[0m                                &amp#27;[90m# com.skillstorm.updateitemSteps.i_click_to_edit_item_named(java.lang.String)&amp#27;[0m
  &amp#27;[36mWhen &amp#27;[0m&amp#27;[36mI try to edit the item quantity to have an invalid amount "-10"&amp#27;[0m
  &amp#27;[36mAnd &amp#27;[0m&amp#27;[36mI click the submit button&amp#27;[0m                                        &amp#27;[90m# com.skillstorm.updateitemSteps.i_click_the_submit_button()&amp#27;[0m
  &amp#27;[36mThen &amp#27;[0m&amp#27;[36mI should receive an error message&amp#27;[0m                               &amp#27;[90m# com.skillstorm.updateitemSteps.i_should_receive_an_error_message()&amp#27;[0m
  &amp#27;[36mAnd &amp#27;[0m&amp#27;[36mthe inventory item should not be updated&amp#27;[0m                         &amp#27;[90m# com.skillstorm.updateitemSteps.the_inventory_item_should_not_be_updated()&amp#27;[0m
]]></system-out>
  </testcase>
  <testcase name="Succesfull addition of an item" classname="Add Item" time="0.029">
    <error message="Cannot invoke &quot;com.skillstorm.Selenium.ItemsPage.getMain()&quot; because &quot;this.itemsPage&quot; is null" type="java.lang.NullPointerException"><![CDATA[java.lang.NullPointerException: Cannot invoke "com.skillstorm.Selenium.ItemsPage.getMain()" because "this.itemsPage" is null
	at com.skillstorm.cucumber.AddItemSteps.IAmOnTheLogInPage(AddItemSteps.java:39)
	at ✽.I am on the items page(classpath:com/skillstorm/add-item.feature:5)
]]></error>
    <system-out><![CDATA[
Scenario: Succesfull addition of an item                   &amp#27;[90m# com/skillstorm/add-item.feature:4&amp#27;[0m
  &amp#27;[31mGiven &amp#27;[0m&amp#27;[31mI am on the items page&amp#27;[0m                             &amp#27;[90m# com.skillstorm.cucumber.AddItemSteps.IAmOnTheLogInPage()&amp#27;[0m
      &amp#27;[31mjava.lang.NullPointerException: Cannot invoke "com.skillstorm.Selenium.ItemsPage.getMain()" because "this.itemsPage" is null
	at com.skillstorm.cucumber.AddItemSteps.IAmOnTheLogInPage(AddItemSteps.java:39)
	at âœ½.I am on the items page(classpath:com/skillstorm/add-item.feature:5)
&amp#27;[0m
  &amp#27;[36mWhen &amp#27;[0m&amp#27;[36mI click create&amp#27;[0m                                      &amp#27;[90m# com.skillstorm.cucumber.AddItemSteps.IClickCreate()&amp#27;[0m
  &amp#27;[36mAnd &amp#27;[0m&amp#27;[36mI enter a item name and a item description&amp#27;[0m           &amp#27;[90m# com.skillstorm.cucumber.AddItemSteps.iEnterItemNameAndItemDescription()&amp#27;[0m
  &amp#27;[36mAnd &amp#27;[0m&amp#27;[36mI click submit&amp#27;[0m                                       &amp#27;[90m# com.skillstorm.cucumber.AddItemSteps.iCLickSubmit()&amp#27;[0m
  &amp#27;[36mThen &amp#27;[0m&amp#27;[36man item should be created and added to the database&amp#27;[0m &amp#27;[90m# com.skillstorm.cucumber.AddItemSteps.shouldAddItem()&amp#27;[0m
]]></system-out>
  </testcase>
  <testcase name="Unsuccesfull addition of an item" classname="Add Item" time="0.009">
    <error message="Cannot invoke &quot;com.skillstorm.Selenium.ItemsPage.getMain()&quot; because &quot;this.itemsPage&quot; is null" type="java.lang.NullPointerException"><![CDATA[java.lang.NullPointerException: Cannot invoke "com.skillstorm.Selenium.ItemsPage.getMain()" because "this.itemsPage" is null
	at com.skillstorm.cucumber.AddItemSteps.IAmOnTheLogInPage(AddItemSteps.java:39)
	at ✽.I am on the items page(classpath:com/skillstorm/add-item.feature:13)
]]></error>
    <system-out><![CDATA[
Scenario: Unsuccesfull addition of an item                     &amp#27;[90m# com/skillstorm/add-item.feature:12&amp#27;[0m
  &amp#27;[31mGiven &amp#27;[0m&amp#27;[31mI am on the items page&amp#27;[0m                                 &amp#27;[90m# com.skillstorm.cucumber.AddItemSteps.IAmOnTheLogInPage()&amp#27;[0m
      &amp#27;[31mjava.lang.NullPointerException: Cannot invoke "com.skillstorm.Selenium.ItemsPage.getMain()" because "this.itemsPage" is null
	at com.skillstorm.cucumber.AddItemSteps.IAmOnTheLogInPage(AddItemSteps.java:39)
	at âœ½.I am on the items page(classpath:com/skillstorm/add-item.feature:13)
&amp#27;[0m
  &amp#27;[36mWhen &amp#27;[0m&amp#27;[36mI click create&amp#27;[0m                                          &amp#27;[90m# com.skillstorm.cucumber.AddItemSteps.IClickCreate()&amp#27;[0m
  &amp#27;[36mAnd &amp#27;[0m&amp#27;[36mI enter a item description&amp#27;[0m                               &amp#27;[90m# com.skillstorm.cucumber.AddItemSteps.ienterItemDescription()&amp#27;[0m
  &amp#27;[36mAnd &amp#27;[0m&amp#27;[36mI click submit&amp#27;[0m                                           &amp#27;[90m# com.skillstorm.cucumber.AddItemSteps.iCLickSubmit()&amp#27;[0m
  &amp#27;[36mThen &amp#27;[0m&amp#27;[36man item should not be created and added to the database&amp#27;[0m &amp#27;[90m# com.skillstorm.cucumber.AddItemSteps.shouldNotAddItem()&amp#27;[0m
]]></system-out>
  </testcase>
  <testcase name="Deleting an item" classname="Delete an item" time="0.007">
    <error message="The step &apos;the user is on the Item page&apos; and 4 other step(s) are undefined.&#10;You can implement these steps using the snippet(s) below:&#10;&#10;@Given(&quot;the user is on the Item page&quot;)&#10;public void the_user_is_on_the_item_page() {&#10;    // Write code here that turns the phrase above into concrete actions&#10;    throw new io.cucumber.java.PendingException();&#10;}&#10;@Given(&quot;there is an item&quot;)&#10;public void there_is_an_item() {&#10;    // Write code here that turns the phrase above into concrete actions&#10;    throw new io.cucumber.java.PendingException();&#10;}&#10;@When(&quot;the user clicks the delete button&quot;)&#10;public void the_user_clicks_the_delete_button() {&#10;    // Write code here that turns the phrase above into concrete actions&#10;    throw new io.cucumber.java.PendingException();&#10;}&#10;@Then(&quot;the item should be removed&quot;)&#10;public void the_item_should_be_removed() {&#10;    // Write code here that turns the phrase above into concrete actions&#10;    throw new io.cucumber.java.PendingException();&#10;}&#10;@Then(&quot;all inventory with the item id should be removed&quot;)&#10;public void all_inventory_with_the_item_id_should_be_removed() {&#10;    // Write code here that turns the phrase above into concrete actions&#10;    throw new io.cucumber.java.PendingException();&#10;}&#10;" type="io.cucumber.junit.platform.engine.UndefinedStepException"><![CDATA[io.cucumber.junit.platform.engine.UndefinedStepException: 
The step 'the user is on the Item page' and 4 other step(s) are undefined.
You can implement these steps using the snippet(s) below:

@Given("the user is on the Item page")
public void the_user_is_on_the_item_page() {
    // Write code here that turns the phrase above into concrete actions
    throw new io.cucumber.java.PendingException();
}
@Given("there is an item")
public void there_is_an_item() {
    // Write code here that turns the phrase above into concrete actions
    throw new io.cucumber.java.PendingException();
}
@When("the user clicks the delete button")
public void the_user_clicks_the_delete_button() {
    // Write code here that turns the phrase above into concrete actions
    throw new io.cucumber.java.PendingException();
}
@Then("the item should be removed")
public void the_item_should_be_removed() {
    // Write code here that turns the phrase above into concrete actions
    throw new io.cucumber.java.PendingException();
}
@Then("all inventory with the item id should be removed")
public void all_inventory_with_the_item_id_should_be_removed() {
    // Write code here that turns the phrase above into concrete actions
    throw new io.cucumber.java.PendingException();
}

	at io.cucumber.core.runtime.TestCaseResultObserver.assertTestCasePassed(TestCaseResultObserver.java:69)
	at io.cucumber.junit.platform.engine.TestCaseResultObserver.assertTestCasePassed(TestCaseResultObserver.java:22)
	at io.cucumber.junit.platform.engine.CucumberEngineExecutionContext.lambda$runTestCase$4(CucumberEngineExecutionContext.java:114)
	at io.cucumber.core.runtime.CucumberExecutionContext.lambda$runTestCase$5(CucumberExecutionContext.java:130)
	at io.cucumber.core.runtime.RethrowingThrowableCollector.executeAndThrow(RethrowingThrowableCollector.java:23)
	at io.cucumber.core.runtime.CucumberExecutionContext.runTestCase(CucumberExecutionContext.java:130)
	at io.cucumber.junit.platform.engine.CucumberEngineExecutionContext.runTestCase(CucumberEngineExecutionContext.java:109)
	at io.cucumber.junit.platform.engine.NodeDescriptor$PickleDescriptor.execute(NodeDescriptor.java:164)
	at io.cucumber.junit.platform.engine.NodeDescriptor$PickleDescriptor.execute(NodeDescriptor.java:90)
	at org.junit.platform.engine.support.hierarchical.NodeTestTask.lambda$executeRecursively$6(NodeTestTask.java:151)
	at org.junit.platform.engine.support.hierarchical.ThrowableCollector.execute(ThrowableCollector.java:73)
	at org.junit.platform.engine.support.hierarchical.NodeTestTask.lambda$executeRecursively$8(NodeTestTask.java:141)
	at org.junit.platform.engine.support.hierarchical.Node.around(Node.java:137)
	at org.junit.platform.engine.support.hierarchical.NodeTestTask.lambda$executeRecursively$9(NodeTestTask.java:139)
	at org.junit.platform.engine.support.hierarchical.ThrowableCollector.execute(ThrowableCollector.java:73)
	at org.junit.platform.engine.support.hierarchical.NodeTestTask.executeRecursively(NodeTestTask.java:138)
	at org.junit.platform.engine.support.hierarchical.NodeTestTask.execute(NodeTestTask.java:95)
	at java.base/java.util.ArrayList.forEach(ArrayList.java:1511)
	at org.junit.platform.engine.support.hierarchical.SameThreadHierarchicalTestExecutorService.invokeAll(SameThreadHierarchicalTestExecutorService.java:41)
	at org.junit.platform.engine.support.hierarchical.NodeTestTask.lambda$executeRecursively$6(NodeTestTask.java:155)
	at org.junit.platform.engine.support.hierarchical.ThrowableCollector.execute(ThrowableCollector.java:73)
	at org.junit.platform.engine.support.hierarchical.NodeTestTask.lambda$executeRecursively$8(NodeTestTask.java:141)
	at org.junit.platform.engine.support.hierarchical.Node.around(Node.java:137)
	at org.junit.platform.engine.support.hierarchical.NodeTestTask.lambda$executeRecursively$9(NodeTestTask.java:139)
	at org.junit.platform.engine.support.hierarchical.ThrowableCollector.execute(ThrowableCollector.java:73)
	at org.junit.platform.engine.support.hierarchical.NodeTestTask.executeRecursively(NodeTestTask.java:138)
	at org.junit.platform.engine.support.hierarchical.NodeTestTask.execute(NodeTestTask.java:95)
	at java.base/java.util.ArrayList.forEach(ArrayList.java:1511)
	at org.junit.platform.engine.support.hierarchical.SameThreadHierarchicalTestExecutorService.invokeAll(SameThreadHierarchicalTestExecutorService.java:41)
	at org.junit.platform.engine.support.hierarchical.NodeTestTask.lambda$executeRecursively$6(NodeTestTask.java:155)
	at org.junit.platform.engine.support.hierarchical.ThrowableCollector.execute(ThrowableCollector.java:73)
	at org.junit.platform.engine.support.hierarchical.NodeTestTask.lambda$executeRecursively$8(NodeTestTask.java:141)
	at org.junit.platform.engine.support.hierarchical.Node.around(Node.java:137)
	at org.junit.platform.engine.support.hierarchical.NodeTestTask.lambda$executeRecursively$9(NodeTestTask.java:139)
	at org.junit.platform.engine.support.hierarchical.ThrowableCollector.execute(ThrowableCollector.java:73)
	at org.junit.platform.engine.support.hierarchical.NodeTestTask.executeRecursively(NodeTestTask.java:138)
	at org.junit.platform.engine.support.hierarchical.NodeTestTask.execute(NodeTestTask.java:95)
	at org.junit.platform.engine.support.hierarchical.SameThreadHierarchicalTestExecutorService.submit(SameThreadHierarchicalTestExecutorService.java:35)
	at org.junit.platform.engine.support.hierarchical.HierarchicalTestExecutor.execute(HierarchicalTestExecutor.java:57)
	at org.junit.platform.engine.support.hierarchical.HierarchicalTestEngine.execute(HierarchicalTestEngine.java:54)
	at org.junit.platform.launcher.core.EngineExecutionOrchestrator.execute(EngineExecutionOrchestrator.java:147)
	at org.junit.platform.launcher.core.EngineExecutionOrchestrator.execute(EngineExecutionOrchestrator.java:127)
	at org.junit.platform.launcher.core.EngineExecutionOrchestrator.execute(EngineExecutionOrchestrator.java:90)
	at org.junit.platform.launcher.core.EngineExecutionOrchestrator.execute(EngineExecutionOrchestrator.java:73)
	at org.junit.platform.suite.engine.SuiteLauncher.execute(SuiteLauncher.java:63)
	at org.junit.platform.suite.engine.SuiteTestDescriptor.execute(SuiteTestDescriptor.java:128)
	at org.junit.platform.suite.engine.SuiteTestEngine.lambda$execute$0(SuiteTestEngine.java:73)
	at java.base/java.util.stream.ForEachOps$ForEachOp$OfRef.accept(ForEachOps.java:183)
	at java.base/java.util.stream.ReferencePipeline$3$1.accept(ReferencePipeline.java:197)
	at java.base/java.util.Iterator.forEachRemaining(Iterator.java:133)
	at java.base/java.util.Spliterators$IteratorSpliterator.forEachRemaining(Spliterators.java:1845)
	at java.base/java.util.stream.AbstractPipeline.copyInto(AbstractPipeline.java:509)
	at java.base/java.util.stream.AbstractPipeline.wrapAndCopyInto(AbstractPipeline.java:499)
	at java.base/java.util.stream.ForEachOps$ForEachOp.evaluateSequential(ForEachOps.java:150)
	at java.base/java.util.stream.ForEachOps$ForEachOp$OfRef.evaluateSequential(ForEachOps.java:173)
	at java.base/java.util.stream.AbstractPipeline.evaluate(AbstractPipeline.java:234)
	at java.base/java.util.stream.ReferencePipeline.forEach(ReferencePipeline.java:596)
	at org.junit.platform.suite.engine.SuiteTestEngine.execute(SuiteTestEngine.java:73)
	at org.junit.platform.launcher.core.EngineExecutionOrchestrator.execute(EngineExecutionOrchestrator.java:147)
	at org.junit.platform.launcher.core.EngineExecutionOrchestrator.execute(EngineExecutionOrchestrator.java:127)
	at org.junit.platform.launcher.core.EngineExecutionOrchestrator.execute(EngineExecutionOrchestrator.java:90)
	at org.junit.platform.launcher.core.EngineExecutionOrchestrator.lambda$execute$0(EngineExecutionOrchestrator.java:55)
	at org.junit.platform.launcher.core.EngineExecutionOrchestrator.withInterceptedStreams(EngineExecutionOrchestrator.java:102)
	at org.junit.platform.launcher.core.EngineExecutionOrchestrator.execute(EngineExecutionOrchestrator.java:54)
	at org.junit.platform.launcher.core.DefaultLauncher.execute(DefaultLauncher.java:114)
	at org.junit.platform.launcher.core.DefaultLauncher.execute(DefaultLauncher.java:86)
	at org.junit.platform.launcher.core.DefaultLauncherSession$DelegatingLauncher.execute(DefaultLauncherSession.java:86)
	at org.apache.maven.surefire.junitplatform.LazyLauncher.execute(LazyLauncher.java:55)
	at org.apache.maven.surefire.junitplatform.JUnitPlatformProvider.execute(JUnitPlatformProvider.java:223)
	at org.apache.maven.surefire.junitplatform.JUnitPlatformProvider.invokeAllTests(JUnitPlatformProvider.java:175)
	at org.apache.maven.surefire.junitplatform.JUnitPlatformProvider.invoke(JUnitPlatformProvider.java:139)
	at org.apache.maven.surefire.booter.ForkedBooter.runSuitesInProcess(ForkedBooter.java:456)
	at org.apache.maven.surefire.booter.ForkedBooter.execute(ForkedBooter.java:169)
	at org.apache.maven.surefire.booter.ForkedBooter.run(ForkedBooter.java:595)
	at org.apache.maven.surefire.booter.ForkedBooter.main(ForkedBooter.java:581)
]]></error>
    <system-out><![CDATA[
Scenario: Deleting an item                             &amp#27;[90m# com/skillstorm/delete-item.feature:7&amp#27;[0m
  &amp#27;[33mGiven &amp#27;[0m&amp#27;[33mthe user is on the Item page&amp#27;[0m
  &amp#27;[36mAnd &amp#27;[0m&amp#27;[36mthere is an item&amp#27;[0m
  &amp#27;[36mWhen &amp#27;[0m&amp#27;[36mthe user clicks the delete button&amp#27;[0m
  &amp#27;[36mThen &amp#27;[0m&amp#27;[36mthe item should be removed&amp#27;[0m
  &amp#27;[36mAnd &amp#27;[0m&amp#27;[36mall inventory with the item id should be removed&amp#27;[0m
]]></system-out>
  </testcase>
  <testcase name="Successfully delete a warehouse" classname="Delete a Warehouse" time="0.007">
    <error message="The step &apos;the user is on the warehouse page&apos; and 4 other step(s) are undefined.&#10;You can implement these steps using the snippet(s) below:&#10;&#10;@Given(&quot;the user is on the warehouse page&quot;)&#10;public void the_user_is_on_the_warehouse_page() {&#10;    // Write code here that turns the phrase above into concrete actions&#10;    throw new io.cucumber.java.PendingException();&#10;}&#10;@Given(&quot;there is a warehouse&quot;)&#10;public void there_is_a_warehouse() {&#10;    // Write code here that turns the phrase above into concrete actions&#10;    throw new io.cucumber.java.PendingException();&#10;}&#10;@When(&quot;the user clicks the delete button&quot;)&#10;public void the_user_clicks_the_delete_button() {&#10;    // Write code here that turns the phrase above into concrete actions&#10;    throw new io.cucumber.java.PendingException();&#10;}&#10;@Then(&quot;the warehouse should be removed&quot;)&#10;public void the_warehouse_should_be_removed() {&#10;    // Write code here that turns the phrase above into concrete actions&#10;    throw new io.cucumber.java.PendingException();&#10;}&#10;@Then(&quot;the inventory with the warehouse id should be removed&quot;)&#10;public void the_inventory_with_the_warehouse_id_should_be_removed() {&#10;    // Write code here that turns the phrase above into concrete actions&#10;    throw new io.cucumber.java.PendingException();&#10;}&#10;" type="io.cucumber.junit.platform.engine.UndefinedStepException"><![CDATA[io.cucumber.junit.platform.engine.UndefinedStepException: 
The step 'the user is on the warehouse page' and 4 other step(s) are undefined.
You can implement these steps using the snippet(s) below:

@Given("the user is on the warehouse page")
public void the_user_is_on_the_warehouse_page() {
    // Write code here that turns the phrase above into concrete actions
    throw new io.cucumber.java.PendingException();
}
@Given("there is a warehouse")
public void there_is_a_warehouse() {
    // Write code here that turns the phrase above into concrete actions
    throw new io.cucumber.java.PendingException();
}
@When("the user clicks the delete button")
public void the_user_clicks_the_delete_button() {
    // Write code here that turns the phrase above into concrete actions
    throw new io.cucumber.java.PendingException();
}
@Then("the warehouse should be removed")
public void the_warehouse_should_be_removed() {
    // Write code here that turns the phrase above into concrete actions
    throw new io.cucumber.java.PendingException();
}
@Then("the inventory with the warehouse id should be removed")
public void the_inventory_with_the_warehouse_id_should_be_removed() {
    // Write code here that turns the phrase above into concrete actions
    throw new io.cucumber.java.PendingException();
}

	at io.cucumber.core.runtime.TestCaseResultObserver.assertTestCasePassed(TestCaseResultObserver.java:69)
	at io.cucumber.junit.platform.engine.TestCaseResultObserver.assertTestCasePassed(TestCaseResultObserver.java:22)
	at io.cucumber.junit.platform.engine.CucumberEngineExecutionContext.lambda$runTestCase$4(CucumberEngineExecutionContext.java:114)
	at io.cucumber.core.runtime.CucumberExecutionContext.lambda$runTestCase$5(CucumberExecutionContext.java:130)
	at io.cucumber.core.runtime.RethrowingThrowableCollector.executeAndThrow(RethrowingThrowableCollector.java:23)
	at io.cucumber.core.runtime.CucumberExecutionContext.runTestCase(CucumberExecutionContext.java:130)
	at io.cucumber.junit.platform.engine.CucumberEngineExecutionContext.runTestCase(CucumberEngineExecutionContext.java:109)
	at io.cucumber.junit.platform.engine.NodeDescriptor$PickleDescriptor.execute(NodeDescriptor.java:164)
	at io.cucumber.junit.platform.engine.NodeDescriptor$PickleDescriptor.execute(NodeDescriptor.java:90)
	at org.junit.platform.engine.support.hierarchical.NodeTestTask.lambda$executeRecursively$6(NodeTestTask.java:151)
	at org.junit.platform.engine.support.hierarchical.ThrowableCollector.execute(ThrowableCollector.java:73)
	at org.junit.platform.engine.support.hierarchical.NodeTestTask.lambda$executeRecursively$8(NodeTestTask.java:141)
	at org.junit.platform.engine.support.hierarchical.Node.around(Node.java:137)
	at org.junit.platform.engine.support.hierarchical.NodeTestTask.lambda$executeRecursively$9(NodeTestTask.java:139)
	at org.junit.platform.engine.support.hierarchical.ThrowableCollector.execute(ThrowableCollector.java:73)
	at org.junit.platform.engine.support.hierarchical.NodeTestTask.executeRecursively(NodeTestTask.java:138)
	at org.junit.platform.engine.support.hierarchical.NodeTestTask.execute(NodeTestTask.java:95)
	at java.base/java.util.ArrayList.forEach(ArrayList.java:1511)
	at org.junit.platform.engine.support.hierarchical.SameThreadHierarchicalTestExecutorService.invokeAll(SameThreadHierarchicalTestExecutorService.java:41)
	at org.junit.platform.engine.support.hierarchical.NodeTestTask.lambda$executeRecursively$6(NodeTestTask.java:155)
	at org.junit.platform.engine.support.hierarchical.ThrowableCollector.execute(ThrowableCollector.java:73)
	at org.junit.platform.engine.support.hierarchical.NodeTestTask.lambda$executeRecursively$8(NodeTestTask.java:141)
	at org.junit.platform.engine.support.hierarchical.Node.around(Node.java:137)
	at org.junit.platform.engine.support.hierarchical.NodeTestTask.lambda$executeRecursively$9(NodeTestTask.java:139)
	at org.junit.platform.engine.support.hierarchical.ThrowableCollector.execute(ThrowableCollector.java:73)
	at org.junit.platform.engine.support.hierarchical.NodeTestTask.executeRecursively(NodeTestTask.java:138)
	at org.junit.platform.engine.support.hierarchical.NodeTestTask.execute(NodeTestTask.java:95)
	at java.base/java.util.ArrayList.forEach(ArrayList.java:1511)
	at org.junit.platform.engine.support.hierarchical.SameThreadHierarchicalTestExecutorService.invokeAll(SameThreadHierarchicalTestExecutorService.java:41)
	at org.junit.platform.engine.support.hierarchical.NodeTestTask.lambda$executeRecursively$6(NodeTestTask.java:155)
	at org.junit.platform.engine.support.hierarchical.ThrowableCollector.execute(ThrowableCollector.java:73)
	at org.junit.platform.engine.support.hierarchical.NodeTestTask.lambda$executeRecursively$8(NodeTestTask.java:141)
	at org.junit.platform.engine.support.hierarchical.Node.around(Node.java:137)
	at org.junit.platform.engine.support.hierarchical.NodeTestTask.lambda$executeRecursively$9(NodeTestTask.java:139)
	at org.junit.platform.engine.support.hierarchical.ThrowableCollector.execute(ThrowableCollector.java:73)
	at org.junit.platform.engine.support.hierarchical.NodeTestTask.executeRecursively(NodeTestTask.java:138)
	at org.junit.platform.engine.support.hierarchical.NodeTestTask.execute(NodeTestTask.java:95)
	at org.junit.platform.engine.support.hierarchical.SameThreadHierarchicalTestExecutorService.submit(SameThreadHierarchicalTestExecutorService.java:35)
	at org.junit.platform.engine.support.hierarchical.HierarchicalTestExecutor.execute(HierarchicalTestExecutor.java:57)
	at org.junit.platform.engine.support.hierarchical.HierarchicalTestEngine.execute(HierarchicalTestEngine.java:54)
	at org.junit.platform.launcher.core.EngineExecutionOrchestrator.execute(EngineExecutionOrchestrator.java:147)
	at org.junit.platform.launcher.core.EngineExecutionOrchestrator.execute(EngineExecutionOrchestrator.java:127)
	at org.junit.platform.launcher.core.EngineExecutionOrchestrator.execute(EngineExecutionOrchestrator.java:90)
	at org.junit.platform.launcher.core.EngineExecutionOrchestrator.execute(EngineExecutionOrchestrator.java:73)
	at org.junit.platform.suite.engine.SuiteLauncher.execute(SuiteLauncher.java:63)
	at org.junit.platform.suite.engine.SuiteTestDescriptor.execute(SuiteTestDescriptor.java:128)
	at org.junit.platform.suite.engine.SuiteTestEngine.lambda$execute$0(SuiteTestEngine.java:73)
	at java.base/java.util.stream.ForEachOps$ForEachOp$OfRef.accept(ForEachOps.java:183)
	at java.base/java.util.stream.ReferencePipeline$3$1.accept(ReferencePipeline.java:197)
	at java.base/java.util.Iterator.forEachRemaining(Iterator.java:133)
	at java.base/java.util.Spliterators$IteratorSpliterator.forEachRemaining(Spliterators.java:1845)
	at java.base/java.util.stream.AbstractPipeline.copyInto(AbstractPipeline.java:509)
	at java.base/java.util.stream.AbstractPipeline.wrapAndCopyInto(AbstractPipeline.java:499)
	at java.base/java.util.stream.ForEachOps$ForEachOp.evaluateSequential(ForEachOps.java:150)
	at java.base/java.util.stream.ForEachOps$ForEachOp$OfRef.evaluateSequential(ForEachOps.java:173)
	at java.base/java.util.stream.AbstractPipeline.evaluate(AbstractPipeline.java:234)
	at java.base/java.util.stream.ReferencePipeline.forEach(ReferencePipeline.java:596)
	at org.junit.platform.suite.engine.SuiteTestEngine.execute(SuiteTestEngine.java:73)
	at org.junit.platform.launcher.core.EngineExecutionOrchestrator.execute(EngineExecutionOrchestrator.java:147)
	at org.junit.platform.launcher.core.EngineExecutionOrchestrator.execute(EngineExecutionOrchestrator.java:127)
	at org.junit.platform.launcher.core.EngineExecutionOrchestrator.execute(EngineExecutionOrchestrator.java:90)
	at org.junit.platform.launcher.core.EngineExecutionOrchestrator.lambda$execute$0(EngineExecutionOrchestrator.java:55)
	at org.junit.platform.launcher.core.EngineExecutionOrchestrator.withInterceptedStreams(EngineExecutionOrchestrator.java:102)
	at org.junit.platform.launcher.core.EngineExecutionOrchestrator.execute(EngineExecutionOrchestrator.java:54)
	at org.junit.platform.launcher.core.DefaultLauncher.execute(DefaultLauncher.java:114)
	at org.junit.platform.launcher.core.DefaultLauncher.execute(DefaultLauncher.java:86)
	at org.junit.platform.launcher.core.DefaultLauncherSession$DelegatingLauncher.execute(DefaultLauncherSession.java:86)
	at org.apache.maven.surefire.junitplatform.LazyLauncher.execute(LazyLauncher.java:55)
	at org.apache.maven.surefire.junitplatform.JUnitPlatformProvider.execute(JUnitPlatformProvider.java:223)
	at org.apache.maven.surefire.junitplatform.JUnitPlatformProvider.invokeAllTests(JUnitPlatformProvider.java:175)
	at org.apache.maven.surefire.junitplatform.JUnitPlatformProvider.invoke(JUnitPlatformProvider.java:139)
	at org.apache.maven.surefire.booter.ForkedBooter.runSuitesInProcess(ForkedBooter.java:456)
	at org.apache.maven.surefire.booter.ForkedBooter.execute(ForkedBooter.java:169)
	at org.apache.maven.surefire.booter.ForkedBooter.run(ForkedBooter.java:595)
	at org.apache.maven.surefire.booter.ForkedBooter.main(ForkedBooter.java:581)
]]></error>
    <system-out><![CDATA[
Scenario: Successfully delete a warehouse                   &amp#27;[90m# com/skillstorm/delete-warehouse.feature:7&amp#27;[0m
  &amp#27;[33mGiven &amp#27;[0m&amp#27;[33mthe user is on the warehouse page&amp#27;[0m
  &amp#27;[36mAnd &amp#27;[0m&amp#27;[36mthere is a warehouse&amp#27;[0m
  &amp#27;[36mWhen &amp#27;[0m&amp#27;[36mthe user clicks the delete button&amp#27;[0m
  &amp#27;[36mThen &amp#27;[0m&amp#27;[36mthe warehouse should be removed&amp#27;[0m
  &amp#27;[36mAnd &amp#27;[0m&amp#27;[36mthe inventory with the warehouse id should be removed&amp#27;[0m
]]></system-out>
  </testcase>
</testsuite>