<?xml version="1.0" encoding="UTF-8"?>
<testsuite xmlns:xsi="http://www.w3.org/2001/XMLSchema-instance" xsi:noNamespaceSchemaLocation="https://maven.apache.org/surefire/maven-surefire-plugin/xsd/surefire-test-report-3.0.xsd" version="3.0" name="com.skillstorm.RunCucumberTest" time="84.912" tests="8" errors="3" skipped="0" failures="0">
  <properties>
[...]
</properties>
  <testcase name="Displaying a list of all warehouses" classname="View All Warehouses" time="7.573">
    <system-out><![CDATA[
Scenario: Displaying a list of all warehouses                                                 &amp#27;[90m# com/skillstorm/01-view_all_warehouses.feature:6&amp#27;[0m
  &amp#27;[32mGiven &amp#27;[0m&amp#27;[32mI am on the landing page&amp#27;[0m                                                              &amp#27;[90m# com.skillstorm.ViewAllWarehousesSteps.iAmOnTheLandingPage()&amp#27;[0m
  &amp#27;[32mWhen &amp#27;[0m&amp#27;[32mI navigate to the warehouses page&amp#27;[0m                                                      &amp#27;[90m# com.skillstorm.ViewAllWarehousesSteps.iNavigateToTheWarehousesPage()&amp#27;[0m
  &amp#27;[32mAnd &amp#27;[0m&amp#27;[32mthere is one or more warehouses existing&amp#27;[0m                                                &amp#27;[90m# com.skillstorm.ViewAllWarehousesSteps.thereIsOneOrMoreWarehousesExisting()&amp#27;[0m
  &amp#27;[32mThen &amp#27;[0m&amp#27;[32mI should see a list of all warehouses created&amp#27;[0m                                          &amp#27;[90m# com.skillstorm.ViewAllWarehousesSteps.iShouldSeeAListOfAllWarehousesCreated()&amp#27;[0m
  &amp#27;[32mAnd &amp#27;[0m&amp#27;[32meach warehouse should display the warehouse name, owner, location, and maximum capacity&amp#27;[0m &amp#27;[90m# com.skillstorm.ViewAllWarehousesSteps.eachWarehouseShouldDisplayDetails()&amp#27;[0m
]]></system-out>
  </testcase>
  <testcase name="Displaying an empty list of all warehouses" classname="View All Warehouses" time="6.849">
    <system-out><![CDATA[
Scenario: Displaying an empty list of all warehouses    &amp#27;[90m# com/skillstorm/01-view_all_warehouses.feature:14&amp#27;[0m
  &amp#27;[32mGiven &amp#27;[0m&amp#27;[32mI am on the landing page&amp#27;[0m                        &amp#27;[90m# com.skillstorm.ViewAllWarehousesSteps.iAmOnTheLandingPage()&amp#27;[0m
  &amp#27;[32mWhen &amp#27;[0m&amp#27;[32mI navigate to the warehouses page&amp#27;[0m                &amp#27;[90m# com.skillstorm.ViewAllWarehousesSteps.iNavigateToTheWarehousesPage()&amp#27;[0m
  &amp#27;[32mAnd &amp#27;[0m&amp#27;[32mthere is no current warehouses existing&amp#27;[0m           &amp#27;[90m# com.skillstorm.ViewAllWarehousesSteps.thereIsNoCurrentWarehousesExisting()&amp#27;[0m
  &amp#27;[32mThen &amp#27;[0m&amp#27;[32mI should see an empty list of warehouses created&amp#27;[0m &amp#27;[90m# com.skillstorm.ViewAllWarehousesSteps.iShouldSeeAnEmptyListOfWarehousesCreated()&amp#27;[0m
]]></system-out>
  </testcase>
  <testcase name="Displaying a list of all items" classname="View All Items" time="7.087">
    <system-out><![CDATA[
Scenario: Displaying a list of all items                       &amp#27;[90m# com/skillstorm/02-view-all-items.feature:6&amp#27;[0m
  &amp#27;[32mGiven &amp#27;[0m&amp#27;[32mI am at the landing page&amp#27;[0m                               &amp#27;[90m# com.skillstorm.ViewAllItemsSteps.i_am_on_the_landing_page()&amp#27;[0m
  &amp#27;[32mWhen &amp#27;[0m&amp#27;[32mI navigate to the items page&amp#27;[0m                            &amp#27;[90m# com.skillstorm.ViewAllItemsSteps.i_navigate_to_the_items_page()&amp#27;[0m
  &amp#27;[32mThen &amp#27;[0m&amp#27;[32mI should see a list of all items created&amp#27;[0m                &amp#27;[90m# com.skillstorm.ViewAllItemsSteps.i_should_see_a_list_of_all_items_created()&amp#27;[0m
  &amp#27;[32mAnd &amp#27;[0m&amp#27;[32meach item should display their id, name, and description&amp#27;[0m &amp#27;[90m# com.skillstorm.ViewAllItemsSteps.each_item_should_display_their_id_name_and_description()&amp#27;[0m
]]></system-out>
  </testcase>
  <testcase name="Displaying an empty list of all items" classname="View All Items" time="6.406">
    <system-out><![CDATA[
Scenario: Displaying an empty list of all items    &amp#27;[90m# com/skillstorm/02-view-all-items.feature:13&amp#27;[0m
  &amp#27;[32mGiven &amp#27;[0m&amp#27;[32mI am at the landing page&amp#27;[0m                   &amp#27;[90m# com.skillstorm.ViewAllItemsSteps.i_am_on_the_landing_page()&amp#27;[0m
  &amp#27;[32mWhen &amp#27;[0m&amp#27;[32mI navigate to the items page&amp#27;[0m                &amp#27;[90m# com.skillstorm.ViewAllItemsSteps.i_navigate_to_the_items_page()&amp#27;[0m
  &amp#27;[32mAnd &amp#27;[0m&amp#27;[32mthere is no current items existing&amp#27;[0m           &amp#27;[90m# com.skillstorm.ViewAllItemsSteps.there_is_no_current_items_existing()&amp#27;[0m
  &amp#27;[32mThen &amp#27;[0m&amp#27;[32mI should see an empty list of items created&amp#27;[0m &amp#27;[90m# com.skillstorm.ViewAllItemsSteps.i_should_see_an_empty_list_of_items_created()&amp#27;[0m
]]></system-out>
  </testcase>
  <testcase name="Display inventory update" classname="Update Inventory" time="6.584">
    <system-out><![CDATA[
Scenario: Display inventory update                      &amp#27;[90m# com/skillstorm/03-update_item.feature:6&amp#27;[0m
  &amp#27;[32mGiven &amp#27;[0m&amp#27;[32mI am on the Warehouses page&amp#27;[0m                     &amp#27;[90m# com.skillstorm.updateitemSteps.i_am_on_the_warehouses_page()&amp#27;[0m
  &amp#27;[32mAnd &amp#27;[0m&amp#27;[32mI expand a warehouse's details&amp#27;[0m                    &amp#27;[90m# com.skillstorm.updateitemSteps.i_expand_a_warehouse_s_details()&amp#27;[0m
  &amp#27;[32mWhen &amp#27;[0m&amp#27;[32mI click to edit an item&amp#27;[0m                          &amp#27;[90m# com.skillstorm.updateitemSteps.i_click_to_edit_an_item()&amp#27;[0m
  &amp#27;[32mThen &amp#27;[0m&amp#27;[32ma window should display the item Id and quantity&amp#27;[0m &amp#27;[90m# com.skillstorm.updateitemSteps.a_window_should_display_the_item_name_and_quantity()&amp#27;[0m
]]></system-out>
  </testcase>
  <testcase name="Successfully update the inventory item ID and amount" classname="Update Inventory" time="16.312">
    <error message="Expected condition failed: waiting for element to be clickable: By.xpath: //div[text()=&apos;Oak Wood&apos;]/following-sibling::button (tried for 10 second(s) with 500 milliseconds interval)&#10;Build info: version: &apos;4.23.0&apos;, revision: &apos;4df0a231af&apos;&#10;System info: os.name: &apos;Windows 10&apos;, os.arch: &apos;amd64&apos;, os.version: &apos;10.0&apos;, java.version: &apos;17.0.2&apos;&#10;Driver info: org.openqa.selenium.firefox.FirefoxDriver&#10;Capabilities {acceptInsecureCerts: true, browserName: firefox, browserVersion: 129.0.2, moz:accessibilityChecks: false, moz:buildID: 20240819150008, moz:debuggerAddress: 127.0.0.1:9643, moz:geckodriverVersion: 0.35.0, moz:headless: false, moz:platformVersion: 10.0, moz:processID: 9772, moz:profile: C:\Users\Melwin\AppData\Loc..., moz:shutdownTimeout: 60000, moz:webdriverClick: true, moz:windowless: false, pageLoadStrategy: normal, platformName: windows, proxy: Proxy(), se:cdp: ws://127.0.0.1:9643/devtool..., se:cdpVersion: 85.0, setWindowRect: true, strictFileInteractability: false, timeouts: {implicit: 0, pageLoad: 300000, script: 30000}, unhandledPromptBehavior: dismiss and notify, userAgent: Mozilla/5.0 (Windows NT 10....}&#10;Session ID: 69defc1c-e703-4d6a-b8e8-6ddb99d2ec17" type="org.openqa.selenium.TimeoutException"><![CDATA[org.openqa.selenium.TimeoutException: 
Expected condition failed: waiting for element to be clickable: By.xpath: //div[text()='Oak Wood']/following-sibling::button (tried for 10 second(s) with 500 milliseconds interval)
Build info: version: '4.23.0', revision: '4df0a231af'
System info: os.name: 'Windows 10', os.arch: 'amd64', os.version: '10.0', java.version: '17.0.2'
Driver info: org.openqa.selenium.firefox.FirefoxDriver
Capabilities {acceptInsecureCerts: true, browserName: firefox, browserVersion: 129.0.2, moz:accessibilityChecks: false, moz:buildID: 20240819150008, moz:debuggerAddress: 127.0.0.1:9643, moz:geckodriverVersion: 0.35.0, moz:headless: false, moz:platformVersion: 10.0, moz:processID: 9772, moz:profile: C:\Users\Melwin\AppData\Loc..., moz:shutdownTimeout: 60000, moz:webdriverClick: true, moz:windowless: false, pageLoadStrategy: normal, platformName: windows, proxy: Proxy(), se:cdp: ws://127.0.0.1:9643/devtool..., se:cdpVersion: 85.0, setWindowRect: true, strictFileInteractability: false, timeouts: {implicit: 0, pageLoad: 300000, script: 30000}, unhandledPromptBehavior: dismiss and notify, userAgent: Mozilla/5.0 (Windows NT 10....}
Session ID: 69defc1c-e703-4d6a-b8e8-6ddb99d2ec17
	at org.openqa.selenium.support.ui.WebDriverWait.timeoutException(WebDriverWait.java:84)
	at org.openqa.selenium.support.ui.FluentWait.until(FluentWait.java:228)
	at com.skillstorm.updateitemSteps.i_click_to_edit_item_named(updateitemSteps.java:78)
	at ✽.I click to edit item named "Oak Wood"(classpath:com/skillstorm/03-update_item.feature:17)
]]></error>
    <system-out><![CDATA[
Scenario: Successfully update the inventory item ID and amount &amp#27;[90m# com/skillstorm/03-update_item.feature:14&amp#27;[0m
  &amp#27;[32mGiven &amp#27;[0m&amp#27;[32mI am on the Warehouse page&amp#27;[0m                             &amp#27;[90m# com.skillstorm.updateitemSteps.i_am_on_the_warehouse_page()&amp#27;[0m
  &amp#27;[32mAnd &amp#27;[0m&amp#27;[32mI expand the details for warehouse &amp#27;[0m&amp#27;[32m&amp#27;[1m"Woodshop"&amp#27;[0m            &amp#27;[90m# com.skillstorm.updateitemSteps.i_expand_the_details_for_warehouse(java.lang.String)&amp#27;[0m
  &amp#27;[31mAnd &amp#27;[0m&amp#27;[31mI click to edit item named &amp#27;[0m&amp#27;[31m&amp#27;[1m"Oak Wood"&amp#27;[0m                    &amp#27;[90m# com.skillstorm.updateitemSteps.i_click_to_edit_item_named(java.lang.String)&amp#27;[0m
      &amp#27;[31morg.openqa.selenium.TimeoutException: Expected condition failed: waiting for element to be clickable: By.xpath: //div[text()='Oak Wood']/following-sibling::button (tried for 10 second(s) with 500 milliseconds interval)
Build info: version: '4.23.0', revision: '4df0a231af'
System info: os.name: 'Windows 10', os.arch: 'amd64', os.version: '10.0', java.version: '17.0.2'
Driver info: org.openqa.selenium.firefox.FirefoxDriver
Capabilities {acceptInsecureCerts: true, browserName: firefox, browserVersion: 129.0.2, moz:accessibilityChecks: false, moz:buildID: 20240819150008, moz:debuggerAddress: 127.0.0.1:9643, moz:geckodriverVersion: 0.35.0, moz:headless: false, moz:platformVersion: 10.0, moz:processID: 9772, moz:profile: C:\Users\Melwin\AppData\Loc..., moz:shutdownTimeout: 60000, moz:webdriverClick: true, moz:windowless: false, pageLoadStrategy: normal, platformName: windows, proxy: Proxy(), se:cdp: ws://127.0.0.1:9643/devtool..., se:cdpVersion: 85.0, setWindowRect: true, strictFileInteractability: false, timeouts: {implicit: 0, pageLoad: 300000, script: 30000}, unhandledPromptBehavior: dismiss and notify, userAgent: Mozilla/5.0 (Windows NT 10....}
Session ID: 69defc1c-e703-4d6a-b8e8-6ddb99d2ec17
	at org.openqa.selenium.support.ui.WebDriverWait.timeoutException(WebDriverWait.java:84)
	at org.openqa.selenium.support.ui.FluentWait.until(FluentWait.java:228)
	at com.skillstorm.updateitemSteps.i_click_to_edit_item_named(updateitemSteps.java:78)
	at âœ½.I click to edit item named "Oak Wood"(classpath:com/skillstorm/03-update_item.feature:17)
&amp#27;[0m
  &amp#27;[36mWhen &amp#27;[0m&amp#27;[36mI change the inventory item Id to &amp#27;[0m&amp#27;[36m&amp#27;[1m"5"&amp#27;[0m                   &amp#27;[90m# com.skillstorm.updateitemSteps.i_change_the_inventory_item_id_to(java.lang.String)&amp#27;[0m
  &amp#27;[36mAnd &amp#27;[0m&amp#27;[36mI change the quantity to &amp#27;[0m&amp#27;[36m&amp#27;[1m"25"&amp#27;[0m                            &amp#27;[90m# com.skillstorm.updateitemSteps.i_change_the_quantity_to(java.lang.String)&amp#27;[0m
  &amp#27;[36mAnd &amp#27;[0m&amp#27;[36mI click the submit button&amp#27;[0m                                &amp#27;[90m# com.skillstorm.updateitemSteps.i_click_the_submit_button()&amp#27;[0m
  &amp#27;[36mThen &amp#27;[0m&amp#27;[36mthe update should be successful&amp#27;[0m                         &amp#27;[90m# com.skillstorm.updateitemSteps.the_update_should_be_successful()&amp#27;[0m
  &amp#27;[36mAnd &amp#27;[0m&amp#27;[36mthe item name should be updated to &amp#27;[0m&amp#27;[36m&amp#27;[1m"Iron Ore"&amp#27;[0m            &amp#27;[90m# com.skillstorm.updateitemSteps.the_item_name_should_be_updated_to(java.lang.String)&amp#27;[0m
  &amp#27;[36mAnd &amp#27;[0m&amp#27;[36mthe amount should be updated to &amp#27;[0m&amp#27;[36m&amp#27;[1m"25"&amp#27;[0m                     &amp#27;[90m# com.skillstorm.updateitemSteps.the_amount_should_be_updated_to(java.lang.String)&amp#27;[0m
]]></system-out>
  </testcase>
  <testcase name="Handling an invalid quantity" classname="Update Inventory" time="16.511">
    <error message="Expected condition failed: waiting for element to be clickable: By.xpath: //div[text()=&apos;Wood&apos;]/following-sibling::button (tried for 10 second(s) with 500 milliseconds interval)&#10;Build info: version: &apos;4.23.0&apos;, revision: &apos;4df0a231af&apos;&#10;System info: os.name: &apos;Windows 10&apos;, os.arch: &apos;amd64&apos;, os.version: &apos;10.0&apos;, java.version: &apos;17.0.2&apos;&#10;Driver info: org.openqa.selenium.firefox.FirefoxDriver&#10;Capabilities {acceptInsecureCerts: true, browserName: firefox, browserVersion: 129.0.2, moz:accessibilityChecks: false, moz:buildID: 20240819150008, moz:debuggerAddress: 127.0.0.1:37046, moz:geckodriverVersion: 0.35.0, moz:headless: false, moz:platformVersion: 10.0, moz:processID: 34196, moz:profile: C:\Users\Melwin\AppData\Loc..., moz:shutdownTimeout: 60000, moz:webdriverClick: true, moz:windowless: false, pageLoadStrategy: normal, platformName: windows, proxy: Proxy(), se:cdp: ws://127.0.0.1:37046/devtoo..., se:cdpVersion: 85.0, setWindowRect: true, strictFileInteractability: false, timeouts: {implicit: 0, pageLoad: 300000, script: 30000}, unhandledPromptBehavior: dismiss and notify, userAgent: Mozilla/5.0 (Windows NT 10....}&#10;Session ID: 6a1350c9-0824-41b5-af95-d330fb9dcad2" type="org.openqa.selenium.TimeoutException"><![CDATA[org.openqa.selenium.TimeoutException: 
Expected condition failed: waiting for element to be clickable: By.xpath: //div[text()='Wood']/following-sibling::button (tried for 10 second(s) with 500 milliseconds interval)
Build info: version: '4.23.0', revision: '4df0a231af'
System info: os.name: 'Windows 10', os.arch: 'amd64', os.version: '10.0', java.version: '17.0.2'
Driver info: org.openqa.selenium.firefox.FirefoxDriver
Capabilities {acceptInsecureCerts: true, browserName: firefox, browserVersion: 129.0.2, moz:accessibilityChecks: false, moz:buildID: 20240819150008, moz:debuggerAddress: 127.0.0.1:37046, moz:geckodriverVersion: 0.35.0, moz:headless: false, moz:platformVersion: 10.0, moz:processID: 34196, moz:profile: C:\Users\Melwin\AppData\Loc..., moz:shutdownTimeout: 60000, moz:webdriverClick: true, moz:windowless: false, pageLoadStrategy: normal, platformName: windows, proxy: Proxy(), se:cdp: ws://127.0.0.1:37046/devtoo..., se:cdpVersion: 85.0, setWindowRect: true, strictFileInteractability: false, timeouts: {implicit: 0, pageLoad: 300000, script: 30000}, unhandledPromptBehavior: dismiss and notify, userAgent: Mozilla/5.0 (Windows NT 10....}
Session ID: 6a1350c9-0824-41b5-af95-d330fb9dcad2
	at org.openqa.selenium.support.ui.WebDriverWait.timeoutException(WebDriverWait.java:84)
	at org.openqa.selenium.support.ui.FluentWait.until(FluentWait.java:228)
	at com.skillstorm.updateitemSteps.i_click_to_edit_item_named(updateitemSteps.java:78)
	at ✽.I click to edit item named "Wood"(classpath:com/skillstorm/03-update_item.feature:28)
]]></error>
    <system-out><![CDATA[
Scenario: Handling an invalid quantity                                 &amp#27;[90m# com/skillstorm/03-update_item.feature:25&amp#27;[0m
  &amp#27;[32mGiven &amp#27;[0m&amp#27;[32mI am on the Warehouses page&amp#27;[0m                                    &amp#27;[90m# com.skillstorm.updateitemSteps.i_am_on_the_warehouses_page()&amp#27;[0m
  &amp#27;[32mAnd &amp#27;[0m&amp#27;[32mI expand the details for warehouse &amp#27;[0m&amp#27;[32m&amp#27;[1m"Wood Shop"&amp#27;[0m                   &amp#27;[90m# com.skillstorm.updateitemSteps.i_expand_the_details_for_warehouse(java.lang.String)&amp#27;[0m
  &amp#27;[31mAnd &amp#27;[0m&amp#27;[31mI click to edit item named &amp#27;[0m&amp#27;[31m&amp#27;[1m"Wood"&amp#27;[0m                                &amp#27;[90m# com.skillstorm.updateitemSteps.i_click_to_edit_item_named(java.lang.String)&amp#27;[0m
      &amp#27;[31morg.openqa.selenium.TimeoutException: Expected condition failed: waiting for element to be clickable: By.xpath: //div[text()='Wood']/following-sibling::button (tried for 10 second(s) with 500 milliseconds interval)
Build info: version: '4.23.0', revision: '4df0a231af'
System info: os.name: 'Windows 10', os.arch: 'amd64', os.version: '10.0', java.version: '17.0.2'
Driver info: org.openqa.selenium.firefox.FirefoxDriver
Capabilities {acceptInsecureCerts: true, browserName: firefox, browserVersion: 129.0.2, moz:accessibilityChecks: false, moz:buildID: 20240819150008, moz:debuggerAddress: 127.0.0.1:37046, moz:geckodriverVersion: 0.35.0, moz:headless: false, moz:platformVersion: 10.0, moz:processID: 34196, moz:profile: C:\Users\Melwin\AppData\Loc..., moz:shutdownTimeout: 60000, moz:webdriverClick: true, moz:windowless: false, pageLoadStrategy: normal, platformName: windows, proxy: Proxy(), se:cdp: ws://127.0.0.1:37046/devtoo..., se:cdpVersion: 85.0, setWindowRect: true, strictFileInteractability: false, timeouts: {implicit: 0, pageLoad: 300000, script: 30000}, unhandledPromptBehavior: dismiss and notify, userAgent: Mozilla/5.0 (Windows NT 10....}
Session ID: 6a1350c9-0824-41b5-af95-d330fb9dcad2
	at org.openqa.selenium.support.ui.WebDriverWait.timeoutException(WebDriverWait.java:84)
	at org.openqa.selenium.support.ui.FluentWait.until(FluentWait.java:228)
	at com.skillstorm.updateitemSteps.i_click_to_edit_item_named(updateitemSteps.java:78)
	at âœ½.I click to edit item named "Wood"(classpath:com/skillstorm/03-update_item.feature:28)
&amp#27;[0m
  &amp#27;[36mWhen &amp#27;[0m&amp#27;[36mI try to edit the item quantity to have an invalid amount "-10"&amp#27;[0m
  &amp#27;[36mAnd &amp#27;[0m&amp#27;[36mI click the submit button&amp#27;[0m                                        &amp#27;[90m# com.skillstorm.updateitemSteps.i_click_the_submit_button()&amp#27;[0m
  &amp#27;[36mThen &amp#27;[0m&amp#27;[36mI should receive an error message&amp#27;[0m                               &amp#27;[90m# com.skillstorm.updateitemSteps.i_should_receive_an_error_message()&amp#27;[0m
  &amp#27;[36mAnd &amp#27;[0m&amp#27;[36mthe inventory item should not be updated&amp#27;[0m                         &amp#27;[90m# com.skillstorm.updateitemSteps.the_inventory_item_should_not_be_updated()&amp#27;[0m
]]></system-out>
  </testcase>
  <testcase name="Handling an invalid item ID" classname="Update Inventory" time="17.398">
    <error message="Expected condition failed: waiting for element to be clickable: By.xpath: //div[text()=&apos;Wood&apos;]/following-sibling::button (tried for 10 second(s) with 500 milliseconds interval)&#10;Build info: version: &apos;4.23.0&apos;, revision: &apos;4df0a231af&apos;&#10;System info: os.name: &apos;Windows 10&apos;, os.arch: &apos;amd64&apos;, os.version: &apos;10.0&apos;, java.version: &apos;17.0.2&apos;&#10;Driver info: org.openqa.selenium.firefox.FirefoxDriver&#10;Capabilities {acceptInsecureCerts: true, browserName: firefox, browserVersion: 129.0.2, moz:accessibilityChecks: false, moz:buildID: 20240819150008, moz:debuggerAddress: 127.0.0.1:18555, moz:geckodriverVersion: 0.35.0, moz:headless: false, moz:platformVersion: 10.0, moz:processID: 18384, moz:profile: C:\Users\Melwin\AppData\Loc..., moz:shutdownTimeout: 60000, moz:webdriverClick: true, moz:windowless: false, pageLoadStrategy: normal, platformName: windows, proxy: Proxy(), se:cdp: ws://127.0.0.1:18555/devtoo..., se:cdpVersion: 85.0, setWindowRect: true, strictFileInteractability: false, timeouts: {implicit: 0, pageLoad: 300000, script: 30000}, unhandledPromptBehavior: dismiss and notify, userAgent: Mozilla/5.0 (Windows NT 10....}&#10;Session ID: c2dfbc2f-97cf-422d-8023-84381623128d" type="org.openqa.selenium.TimeoutException"><![CDATA[org.openqa.selenium.TimeoutException: 
Expected condition failed: waiting for element to be clickable: By.xpath: //div[text()='Wood']/following-sibling::button (tried for 10 second(s) with 500 milliseconds interval)
Build info: version: '4.23.0', revision: '4df0a231af'
System info: os.name: 'Windows 10', os.arch: 'amd64', os.version: '10.0', java.version: '17.0.2'
Driver info: org.openqa.selenium.firefox.FirefoxDriver
Capabilities {acceptInsecureCerts: true, browserName: firefox, browserVersion: 129.0.2, moz:accessibilityChecks: false, moz:buildID: 20240819150008, moz:debuggerAddress: 127.0.0.1:18555, moz:geckodriverVersion: 0.35.0, moz:headless: false, moz:platformVersion: 10.0, moz:processID: 18384, moz:profile: C:\Users\Melwin\AppData\Loc..., moz:shutdownTimeout: 60000, moz:webdriverClick: true, moz:windowless: false, pageLoadStrategy: normal, platformName: windows, proxy: Proxy(), se:cdp: ws://127.0.0.1:18555/devtoo..., se:cdpVersion: 85.0, setWindowRect: true, strictFileInteractability: false, timeouts: {implicit: 0, pageLoad: 300000, script: 30000}, unhandledPromptBehavior: dismiss and notify, userAgent: Mozilla/5.0 (Windows NT 10....}
Session ID: c2dfbc2f-97cf-422d-8023-84381623128d
	at org.openqa.selenium.support.ui.WebDriverWait.timeoutException(WebDriverWait.java:84)
	at org.openqa.selenium.support.ui.FluentWait.until(FluentWait.java:228)
	at com.skillstorm.updateitemSteps.i_click_to_edit_item_named(updateitemSteps.java:78)
	at ✽.I click to edit item named "Wood"(classpath:com/skillstorm/03-update_item.feature:37)
]]></error>
    <system-out><![CDATA[
Scenario: Handling an invalid item ID                           &amp#27;[90m# com/skillstorm/03-update_item.feature:34&amp#27;[0m
  &amp#27;[32mGiven &amp#27;[0m&amp#27;[32mI am on the Warehouses page&amp#27;[0m                             &amp#27;[90m# com.skillstorm.updateitemSteps.i_am_on_the_warehouses_page()&amp#27;[0m
  &amp#27;[32mAnd &amp#27;[0m&amp#27;[32mI expand the details for warehouse &amp#27;[0m&amp#27;[32m&amp#27;[1m"Wood Shop"&amp#27;[0m            &amp#27;[90m# com.skillstorm.updateitemSteps.i_expand_the_details_for_warehouse(java.lang.String)&amp#27;[0m
  &amp#27;[31mAnd &amp#27;[0m&amp#27;[31mI click to edit item named &amp#27;[0m&amp#27;[31m&amp#27;[1m"Wood"&amp#27;[0m                         &amp#27;[90m# com.skillstorm.updateitemSteps.i_click_to_edit_item_named(java.lang.String)&amp#27;[0m
      &amp#27;[31morg.openqa.selenium.TimeoutException: Expected condition failed: waiting for element to be clickable: By.xpath: //div[text()='Wood']/following-sibling::button (tried for 10 second(s) with 500 milliseconds interval)
Build info: version: '4.23.0', revision: '4df0a231af'
System info: os.name: 'Windows 10', os.arch: 'amd64', os.version: '10.0', java.version: '17.0.2'
Driver info: org.openqa.selenium.firefox.FirefoxDriver
Capabilities {acceptInsecureCerts: true, browserName: firefox, browserVersion: 129.0.2, moz:accessibilityChecks: false, moz:buildID: 20240819150008, moz:debuggerAddress: 127.0.0.1:18555, moz:geckodriverVersion: 0.35.0, moz:headless: false, moz:platformVersion: 10.0, moz:processID: 18384, moz:profile: C:\Users\Melwin\AppData\Loc..., moz:shutdownTimeout: 60000, moz:webdriverClick: true, moz:windowless: false, pageLoadStrategy: normal, platformName: windows, proxy: Proxy(), se:cdp: ws://127.0.0.1:18555/devtoo..., se:cdpVersion: 85.0, setWindowRect: true, strictFileInteractability: false, timeouts: {implicit: 0, pageLoad: 300000, script: 30000}, unhandledPromptBehavior: dismiss and notify, userAgent: Mozilla/5.0 (Windows NT 10....}
Session ID: c2dfbc2f-97cf-422d-8023-84381623128d
	at org.openqa.selenium.support.ui.WebDriverWait.timeoutException(WebDriverWait.java:84)
	at org.openqa.selenium.support.ui.FluentWait.until(FluentWait.java:228)
	at com.skillstorm.updateitemSteps.i_click_to_edit_item_named(updateitemSteps.java:78)
	at âœ½.I click to edit item named "Wood"(classpath:com/skillstorm/03-update_item.feature:37)
&amp#27;[0m
  &amp#27;[36mWhen &amp#27;[0m&amp#27;[36mI try to edit the item name to have an invalid id "5000"&amp#27;[0m
  &amp#27;[36mAnd &amp#27;[0m&amp#27;[36mI click the submit button&amp#27;[0m                                 &amp#27;[90m# com.skillstorm.updateitemSteps.i_click_the_submit_button()&amp#27;[0m
  &amp#27;[36mThen &amp#27;[0m&amp#27;[36mI should receive an error message&amp#27;[0m                        &amp#27;[90m# com.skillstorm.updateitemSteps.i_should_receive_an_error_message()&amp#27;[0m
  &amp#27;[36mAnd &amp#27;[0m&amp#27;[36mthe inventory item should not be updated&amp#27;[0m                  &amp#27;[90m# com.skillstorm.updateitemSteps.the_inventory_item_should_not_be_updated()&amp#27;[0m
]]></system-out>
  </testcase>
</testsuite>